"C:/Users/Tomas/Documents/Unreal Projects/TrickOrTreat_Test/Content/Assets/PNG/Achievement/Achievement_bingus.uasset" 0
"C:/Users/Tomas/Documents/Unreal Projects/TrickOrTreat_Test/Content/Assets/PNG/Achievement/Achievement_bingus.uexp" 1
"C:/Users/Tomas/Documents/Unreal Projects/TrickOrTreat_Test/Content/Assets/PNG/Achievement/Sprites/Achievement_bingus_Sprite.uasset" 2
"C:/Users/Tomas/Documents/Unreal Projects/TrickOrTreat_Test/Content/Assets/PNG/Achievement/Sprites/Achievement_bingus_Sprite.uexp" 3
"C:/Users/Tomas/Documents/Unreal Projects/TrickOrTreat_Test/Content/Assets/PNG/Achievement/Achievement_bone.uasset" 4
"C:/Users/Tomas/Documents/Unreal Projects/TrickOrTreat_Test/Content/Assets/PNG/Achievement/Achievement_bone.uexp" 5
"C:/Users/Tomas/Documents/Unreal Projects/TrickOrTreat_Test/Content/Assets/PNG/Achievement/Sprites/Achievement_bone_Sprite.uasset" 6
"C:/Users/Tomas/Documents/Unreal Projects/TrickOrTreat_Test/Content/Assets/PNG/Achievement/Sprites/Achievement_bone_Sprite.uexp" 7
"C:/Users/Tomas/Documents/Unreal Projects/TrickOrTreat_Test/Content/Assets/PNG/Achievement/Achievement_jerk.uasset" 8
"C:/Users/Tomas/Documents/Unreal Projects/TrickOrTreat_Test/Content/Assets/PNG/Achievement/Achievement_jerk.uexp" 9
"C:/Users/Tomas/Documents/Unreal Projects/TrickOrTreat_Test/Content/Assets/PNG/Achievement/Sprites/Achievement_jerk_Sprite.uasset" 10
"C:/Users/Tomas/Documents/Unreal Projects/TrickOrTreat_Test/Content/Assets/PNG/Achievement/Sprites/Achievement_jerk_Sprite.uexp" 11
"C:/Users/Tomas/Documents/Unreal Projects/TrickOrTreat_Test/Content/Assets/PNG/Achievement/Achievement_knock.uasset" 12
"C:/Users/Tomas/Documents/Unreal Projects/TrickOrTreat_Test/Content/Assets/PNG/Achievement/Achievement_knock.uexp" 13
"C:/Users/Tomas/Documents/Unreal Projects/TrickOrTreat_Test/Content/Assets/PNG/Achievement/Sprites/Achievement_knock_Sprite.uasset" 14
"C:/Users/Tomas/Documents/Unreal Projects/TrickOrTreat_Test/Content/Assets/PNG/Achievement/Sprites/Achievement_knock_Sprite.uexp" 15
"C:/Users/Tomas/Documents/Unreal Projects/TrickOrTreat_Test/Content/Assets/PNG/Achievement/Achievement_run.uasset" 16
"C:/Users/Tomas/Documents/Unreal Projects/TrickOrTreat_Test/Content/Assets/PNG/Achievement/Achievement_run.uexp" 17
"C:/Users/Tomas/Documents/Unreal Projects/TrickOrTreat_Test/Content/Assets/PNG/Achievement/Sprites/Achievement_run_Sprite.uasset" 18
"C:/Users/Tomas/Documents/Unreal Projects/TrickOrTreat_Test/Content/Assets/PNG/Achievement/Sprites/Achievement_run_Sprite.uexp" 19
"C:/Users/Tomas/Documents/Unreal Projects/TrickOrTreat_Test/Content/Assets/PNG/Achievement/Achievement_sike.uasset" 20
"C:/Users/Tomas/Documents/Unreal Projects/TrickOrTreat_Test/Content/Assets/PNG/Achievement/Achievement_sike.uexp" 21
"C:/Users/Tomas/Documents/Unreal Projects/TrickOrTreat_Test/Content/Assets/PNG/Achievement/Sprites/Achievement_sike_Sprite.uasset" 22
"C:/Users/Tomas/Documents/Unreal Projects/TrickOrTreat_Test/Content/Assets/PNG/Achievement/Sprites/Achievement_sike_Sprite.uexp" 23
"C:/Users/Tomas/Documents/Unreal Projects/TrickOrTreat_Test/Content/Assets/PNG/Achievement/Achievement_thanks.uasset" 24
"C:/Users/Tomas/Documents/Unreal Projects/TrickOrTreat_Test/Content/Assets/PNG/Achievement/Achievement_thanks.uexp" 25
"C:/Users/Tomas/Documents/Unreal Projects/TrickOrTreat_Test/Content/Assets/PNG/Achievement/Sprites/Achievement_thanks_Sprite.uasset" 26
"C:/Users/Tomas/Documents/Unreal Projects/TrickOrTreat_Test/Content/Assets/PNG/Achievement/Sprites/Achievement_thanks_Sprite.uexp" 27
"../../../Engine/Plugins/2D/Paper2D/Content/PlaceholderTextures/DummySpriteTexture.uasset" 28
"../../../Engine/Plugins/2D/Paper2D/Content/PlaceholderTextures/DummySpriteTexture.uexp" 29
"../../../Engine/Plugins/2D/Paper2D/Content/PlaceholderTextures/DummySpriteTexture.ubulk" 30
"../../../Engine/Plugins/2D/Paper2D/Content/DefaultSpriteMaterial.uasset" 31
"../../../Engine/Plugins/2D/Paper2D/Content/DefaultSpriteMaterial.uexp" 32
"../../../Engine/Plugins/2D/Paper2D/Content/TranslucentUnlitSpriteMaterial.uasset" 33
"../../../Engine/Plugins/2D/Paper2D/Content/TranslucentUnlitSpriteMaterial.uexp" 34
"C:/Users/Tomas/Documents/Unreal Projects/TrickOrTreat_Test/Content/Assets/PNG/AI/NPCKid/npckid6.uasset" 35
"C:/Users/Tomas/Documents/Unreal Projects/TrickOrTreat_Test/Content/Assets/PNG/AI/NPCKid/npckid6.uexp" 36
"C:/Users/Tomas/Documents/Unreal Projects/TrickOrTreat_Test/Content/Assets/PNG/AI/NPCKid/npckid6_Sprite.uasset" 37
"C:/Users/Tomas/Documents/Unreal Projects/TrickOrTreat_Test/Content/Assets/PNG/AI/NPCKid/npckid6_Sprite.uexp" 38
"C:/Users/Tomas/Documents/Unreal Projects/TrickOrTreat_Test/Content/Assets/PNG/AI/NPCKid/npckid.uasset" 39
"C:/Users/Tomas/Documents/Unreal Projects/TrickOrTreat_Test/Content/Assets/PNG/AI/NPCKid/npckid.uexp" 40
"C:/Users/Tomas/Documents/Unreal Projects/TrickOrTreat_Test/Content/Assets/PNG/Candy/PA_Candy_for_Halloween_Game.uasset" 41
"C:/Users/Tomas/Documents/Unreal Projects/TrickOrTreat_Test/Content/Assets/PNG/Candy/PA_Candy_for_Halloween_Game.uexp" 42
"C:/Users/Tomas/Documents/Unreal Projects/TrickOrTreat_Test/Content/Assets/PNG/Test/Candy_Test.uasset" 43
"C:/Users/Tomas/Documents/Unreal Projects/TrickOrTreat_Test/Content/Assets/PNG/Test/Candy_Test.uexp" 44
"C:/Users/Tomas/Documents/Unreal Projects/TrickOrTreat_Test/Content/Assets/PNG/Test/S_Candy_Test.uasset" 45
"C:/Users/Tomas/Documents/Unreal Projects/TrickOrTreat_Test/Content/Assets/PNG/Test/S_Candy_Test.uexp" 46
"C:/Users/Tomas/Documents/Unreal Projects/TrickOrTreat_Test/Content/Assets/PNG/Test/Test_Door.uasset" 47
"C:/Users/Tomas/Documents/Unreal Projects/TrickOrTreat_Test/Content/Assets/PNG/Test/Test_Door.uexp" 48
"C:/Users/Tomas/Documents/Unreal Projects/TrickOrTreat_Test/Content/Assets/PNG/Test/S_Door.uasset" 49
"C:/Users/Tomas/Documents/Unreal Projects/TrickOrTreat_Test/Content/Assets/PNG/Test/S_Door.uexp" 50
"C:/Users/Tomas/Documents/Unreal Projects/TrickOrTreat_Test/Content/Assets/PNG/Test/TestTileSet.uasset" 51
"C:/Users/Tomas/Documents/Unreal Projects/TrickOrTreat_Test/Content/Assets/PNG/Test/TestTileSet.uexp" 52
"C:/Users/Tomas/Documents/Unreal Projects/TrickOrTreat_Test/Content/Assets/PNG/Test/TestTileSet.ubulk" 53
"C:/Users/Tomas/Documents/Unreal Projects/TrickOrTreat_Test/Content/Assets/PNG/Test/TS_Test.uasset" 54
"C:/Users/Tomas/Documents/Unreal Projects/TrickOrTreat_Test/Content/Assets/PNG/Test/TS_Test.uexp" 55
"C:/Users/Tomas/Documents/Unreal Projects/TrickOrTreat_Test/Content/Assets/PNG/Test/TM_Test.uasset" 56
"C:/Users/Tomas/Documents/Unreal Projects/TrickOrTreat_Test/Content/Assets/PNG/Test/TM_Test.uexp" 57
"C:/Users/Tomas/Documents/Unreal Projects/TrickOrTreat_Test/Content/Assets/Sounds/Door/knock1.uasset" 58
"C:/Users/Tomas/Documents/Unreal Projects/TrickOrTreat_Test/Content/Assets/Sounds/Door/knock1.uexp" 59
"C:/Users/Tomas/Documents/Unreal Projects/TrickOrTreat_Test/Content/Assets/Sounds/Door/knock3.uasset" 60
"C:/Users/Tomas/Documents/Unreal Projects/TrickOrTreat_Test/Content/Assets/Sounds/Door/knock3.uexp" 61
"C:/Users/Tomas/Documents/Unreal Projects/TrickOrTreat_Test/Content/Assets/Sounds/Door/knock4.uasset" 62
"C:/Users/Tomas/Documents/Unreal Projects/TrickOrTreat_Test/Content/Assets/Sounds/Door/knock4.uexp" 63
"C:/Users/Tomas/Documents/Unreal Projects/TrickOrTreat_Test/Content/Assets/Sounds/Misc/Select2.uasset" 64
"C:/Users/Tomas/Documents/Unreal Projects/TrickOrTreat_Test/Content/Assets/Sounds/Misc/Select2.uexp" 65
"C:/Users/Tomas/Documents/Unreal Projects/TrickOrTreat_Test/Content/Assets/Sounds/Music/Living_in_the_Dark_-_myuu-_SkUsk07Z-I.uasset" 66
"C:/Users/Tomas/Documents/Unreal Projects/TrickOrTreat_Test/Content/Assets/Sounds/Music/Living_in_the_Dark_-_myuu-_SkUsk07Z-I.uexp" 67
"C:/Users/Tomas/Documents/Unreal Projects/TrickOrTreat_Test/Content/Assets/Sounds/Music/Living.uasset" 68
"C:/Users/Tomas/Documents/Unreal Projects/TrickOrTreat_Test/Content/Assets/Sounds/Music/Living.uexp" 69
"C:/Users/Tomas/Documents/Unreal Projects/TrickOrTreat_Test/Content/Assets/Sounds/Player/Hurt/Hurt5.uasset" 70
"C:/Users/Tomas/Documents/Unreal Projects/TrickOrTreat_Test/Content/Assets/Sounds/Player/Hurt/Hurt5.uexp" 71
"C:/Users/Tomas/Documents/Unreal Projects/TrickOrTreat_Test/Content/Assets/Sounds/Player/Powerup/Powerup1.uasset" 72
"C:/Users/Tomas/Documents/Unreal Projects/TrickOrTreat_Test/Content/Assets/Sounds/Player/Powerup/Powerup1.uexp" 73
"C:/Users/Tomas/Documents/Unreal Projects/TrickOrTreat_Test/Content/Assets/Sounds/Player/Powerup/Powerup2.uasset" 74
"C:/Users/Tomas/Documents/Unreal Projects/TrickOrTreat_Test/Content/Assets/Sounds/Player/Powerup/Powerup2.uexp" 75
"C:/Users/Tomas/Documents/Unreal Projects/TrickOrTreat_Test/Content/Assets/Sounds/Player/Powerup/Powerup3.uasset" 76
"C:/Users/Tomas/Documents/Unreal Projects/TrickOrTreat_Test/Content/Assets/Sounds/Player/Powerup/Powerup3.uexp" 77
"C:/Users/Tomas/Documents/Unreal Projects/TrickOrTreat_Test/Content/Assets/Sounds/Player/Powerup/Super_Powerup.uasset" 78
"C:/Users/Tomas/Documents/Unreal Projects/TrickOrTreat_Test/Content/Assets/Sounds/Player/Powerup/Super_Powerup.uexp" 79
"C:/Users/Tomas/Documents/Unreal Projects/TrickOrTreat_Test/Content/Assets/Video/spooky_music_mp3.uasset" 80
"C:/Users/Tomas/Documents/Unreal Projects/TrickOrTreat_Test/Content/Assets/Video/spooky_music_mp3.uexp" 81
"C:/Users/Tomas/Documents/Unreal Projects/TrickOrTreat_Test/Content/Assets/PNG/Test/Player_Test.uasset" 82
"C:/Users/Tomas/Documents/Unreal Projects/TrickOrTreat_Test/Content/Assets/PNG/Test/Player_Test.uexp" 83
"C:/Users/Tomas/Documents/Unreal Projects/TrickOrTreat_Test/Content/Assets/PNG/Test/S_Player.uasset" 84
"C:/Users/Tomas/Documents/Unreal Projects/TrickOrTreat_Test/Content/Assets/PNG/Test/S_Player.uexp" 85
"C:/Users/Tomas/Documents/Unreal Projects/TrickOrTreat_Test/Content/Blueprints/AI/Parents/BP_Parents_Boss.uasset" 86
"C:/Users/Tomas/Documents/Unreal Projects/TrickOrTreat_Test/Content/Blueprints/AI/Parents/BP_Parents_Boss.uexp" 87
"../../../Engine/Content/EditorBlueprintResources/StandardMacros.uasset" 88
"../../../Engine/Content/EditorBlueprintResources/StandardMacros.uexp" 89
"C:/Users/Tomas/Documents/Unreal Projects/TrickOrTreat_Test/Content/Assets/Sounds/Misc/Select1.uasset" 90
"C:/Users/Tomas/Documents/Unreal Projects/TrickOrTreat_Test/Content/Assets/Sounds/Misc/Select1.uexp" 91
"C:/Users/Tomas/Documents/Unreal Projects/TrickOrTreat_Test/Content/Blueprints/HUD/WBP_Achievements.uasset" 92
"C:/Users/Tomas/Documents/Unreal Projects/TrickOrTreat_Test/Content/Blueprints/HUD/WBP_Achievements.uexp" 93
"C:/Users/Tomas/Documents/Unreal Projects/TrickOrTreat_Test/Content/Blueprints/InteractableObjects/BP_UseInterface.uasset" 94
"C:/Users/Tomas/Documents/Unreal Projects/TrickOrTreat_Test/Content/Blueprints/InteractableObjects/BP_UseInterface.uexp" 95
"C:/Users/Tomas/Documents/Unreal Projects/TrickOrTreat_Test/Content/Assets/Sounds/Player/Hurt/Hurt4.uasset" 96
"C:/Users/Tomas/Documents/Unreal Projects/TrickOrTreat_Test/Content/Assets/Sounds/Player/Hurt/Hurt4.uexp" 97
"C:/Users/Tomas/Documents/Unreal Projects/TrickOrTreat_Test/Content/Assets/Sounds/Player/Hurt/Hurt3.uasset" 98
"C:/Users/Tomas/Documents/Unreal Projects/TrickOrTreat_Test/Content/Assets/Sounds/Player/Hurt/Hurt3.uexp" 99
"C:/Users/Tomas/Documents/Unreal Projects/TrickOrTreat_Test/Content/Assets/Sounds/Player/Hurt/Hurt2.uasset" 100
"C:/Users/Tomas/Documents/Unreal Projects/TrickOrTreat_Test/Content/Assets/Sounds/Player/Hurt/Hurt2.uexp" 101
"C:/Users/Tomas/Documents/Unreal Projects/TrickOrTreat_Test/Content/Assets/Sounds/Player/Hurt/Hurt1.uasset" 102
"C:/Users/Tomas/Documents/Unreal Projects/TrickOrTreat_Test/Content/Assets/Sounds/Player/Hurt/Hurt1.uexp" 103
"C:/Users/Tomas/Documents/Unreal Projects/TrickOrTreat_Test/Content/Assets/Sounds/Player/Dash/dash3.uasset" 104
"C:/Users/Tomas/Documents/Unreal Projects/TrickOrTreat_Test/Content/Assets/Sounds/Player/Dash/dash3.uexp" 105
"C:/Users/Tomas/Documents/Unreal Projects/TrickOrTreat_Test/Content/Assets/Sounds/Player/Dash/dash2.uasset" 106
"C:/Users/Tomas/Documents/Unreal Projects/TrickOrTreat_Test/Content/Assets/Sounds/Player/Dash/dash2.uexp" 107
"C:/Users/Tomas/Documents/Unreal Projects/TrickOrTreat_Test/Content/Assets/Sounds/Player/Dash/dash1.uasset" 108
"C:/Users/Tomas/Documents/Unreal Projects/TrickOrTreat_Test/Content/Assets/Sounds/Player/Dash/dash1.uexp" 109
"C:/Users/Tomas/Documents/Unreal Projects/TrickOrTreat_Test/Content/Assets/PNG/Test/Player_Test_Dash.uasset" 110
"C:/Users/Tomas/Documents/Unreal Projects/TrickOrTreat_Test/Content/Assets/PNG/Test/Player_Test_Dash.uexp" 111
"C:/Users/Tomas/Documents/Unreal Projects/TrickOrTreat_Test/Content/Assets/PNG/Test/S_Player_Dashing.uasset" 112
"C:/Users/Tomas/Documents/Unreal Projects/TrickOrTreat_Test/Content/Assets/PNG/Test/S_Player_Dashing.uexp" 113
"C:/Users/Tomas/Documents/Unreal Projects/TrickOrTreat_Test/Content/Assets/PNG/Test/sprite_CanDash.uasset" 114
"C:/Users/Tomas/Documents/Unreal Projects/TrickOrTreat_Test/Content/Assets/PNG/Test/sprite_CanDash.uexp" 115
"C:/Users/Tomas/Documents/Unreal Projects/TrickOrTreat_Test/Content/Assets/PNG/Test/S_Player_CanDash.uasset" 116
"C:/Users/Tomas/Documents/Unreal Projects/TrickOrTreat_Test/Content/Assets/PNG/Test/S_Player_CanDash.uexp" 117
"C:/Users/Tomas/Documents/Unreal Projects/TrickOrTreat_Test/Content/Assets/PNG/Player/ghostkid6.uasset" 118
"C:/Users/Tomas/Documents/Unreal Projects/TrickOrTreat_Test/Content/Assets/PNG/Player/ghostkid6.uexp" 119
"C:/Users/Tomas/Documents/Unreal Projects/TrickOrTreat_Test/Content/Assets/PNG/Player/S_Player_6.uasset" 120
"C:/Users/Tomas/Documents/Unreal Projects/TrickOrTreat_Test/Content/Assets/PNG/Player/S_Player_6.uexp" 121
"C:/Users/Tomas/Documents/Unreal Projects/TrickOrTreat_Test/Content/Assets/PNG/Player/ghostkid5.uasset" 122
"C:/Users/Tomas/Documents/Unreal Projects/TrickOrTreat_Test/Content/Assets/PNG/Player/ghostkid5.uexp" 123
"C:/Users/Tomas/Documents/Unreal Projects/TrickOrTreat_Test/Content/Assets/PNG/Player/S_Player_5.uasset" 124
"C:/Users/Tomas/Documents/Unreal Projects/TrickOrTreat_Test/Content/Assets/PNG/Player/S_Player_5.uexp" 125
"C:/Users/Tomas/Documents/Unreal Projects/TrickOrTreat_Test/Content/Assets/PNG/Player/ghostkid4.uasset" 126
"C:/Users/Tomas/Documents/Unreal Projects/TrickOrTreat_Test/Content/Assets/PNG/Player/ghostkid4.uexp" 127
"C:/Users/Tomas/Documents/Unreal Projects/TrickOrTreat_Test/Content/Assets/PNG/Player/S_Player_4.uasset" 128
"C:/Users/Tomas/Documents/Unreal Projects/TrickOrTreat_Test/Content/Assets/PNG/Player/S_Player_4.uexp" 129
"C:/Users/Tomas/Documents/Unreal Projects/TrickOrTreat_Test/Content/Assets/PNG/Player/ghostkid3.uasset" 130
"C:/Users/Tomas/Documents/Unreal Projects/TrickOrTreat_Test/Content/Assets/PNG/Player/ghostkid3.uexp" 131
"C:/Users/Tomas/Documents/Unreal Projects/TrickOrTreat_Test/Content/Assets/PNG/Player/S_Player_3.uasset" 132
"C:/Users/Tomas/Documents/Unreal Projects/TrickOrTreat_Test/Content/Assets/PNG/Player/S_Player_3.uexp" 133
"C:/Users/Tomas/Documents/Unreal Projects/TrickOrTreat_Test/Content/Assets/PNG/Player/ghostkid2.uasset" 134
"C:/Users/Tomas/Documents/Unreal Projects/TrickOrTreat_Test/Content/Assets/PNG/Player/ghostkid2.uexp" 135
"C:/Users/Tomas/Documents/Unreal Projects/TrickOrTreat_Test/Content/Assets/PNG/Player/S_Player_2.uasset" 136
"C:/Users/Tomas/Documents/Unreal Projects/TrickOrTreat_Test/Content/Assets/PNG/Player/S_Player_2.uexp" 137
"C:/Users/Tomas/Documents/Unreal Projects/TrickOrTreat_Test/Content/Assets/PNG/Player/ghostkid1.uasset" 138
"C:/Users/Tomas/Documents/Unreal Projects/TrickOrTreat_Test/Content/Assets/PNG/Player/ghostkid1.uexp" 139
"C:/Users/Tomas/Documents/Unreal Projects/TrickOrTreat_Test/Content/Assets/PNG/Player/S_Player_1.uasset" 140
"C:/Users/Tomas/Documents/Unreal Projects/TrickOrTreat_Test/Content/Assets/PNG/Player/S_Player_1.uexp" 141
"C:/Users/Tomas/Documents/Unreal Projects/TrickOrTreat_Test/Content/Assets/PNG/Player/FB_Player_Walk.uasset" 142
"C:/Users/Tomas/Documents/Unreal Projects/TrickOrTreat_Test/Content/Assets/PNG/Player/FB_Player_Walk.uexp" 143
"C:/Users/Tomas/Documents/Unreal Projects/TrickOrTreat_Test/Content/Blueprints/Player/BP_Player.uasset" 144
"C:/Users/Tomas/Documents/Unreal Projects/TrickOrTreat_Test/Content/Blueprints/Player/BP_Player.uexp" 145
"C:/Users/Tomas/Documents/Unreal Projects/TrickOrTreat_Test/Content/Assets/PNG/Bone/bone.uasset" 146
"C:/Users/Tomas/Documents/Unreal Projects/TrickOrTreat_Test/Content/Assets/PNG/Bone/bone.uexp" 147
"C:/Users/Tomas/Documents/Unreal Projects/TrickOrTreat_Test/Content/Assets/PNG/Bone/S_Bone.uasset" 148
"C:/Users/Tomas/Documents/Unreal Projects/TrickOrTreat_Test/Content/Assets/PNG/Bone/S_Bone.uexp" 149
"C:/Users/Tomas/Documents/Unreal Projects/TrickOrTreat_Test/Content/Assets/PNG/Bingus/Bingus.uasset" 150
"C:/Users/Tomas/Documents/Unreal Projects/TrickOrTreat_Test/Content/Assets/PNG/Bingus/Bingus.uexp" 151
"C:/Users/Tomas/Documents/Unreal Projects/TrickOrTreat_Test/Content/Assets/PNG/Bingus/S_Bingus.uasset" 152
"C:/Users/Tomas/Documents/Unreal Projects/TrickOrTreat_Test/Content/Assets/PNG/Bingus/S_Bingus.uexp" 153
"C:/Users/Tomas/Documents/Unreal Projects/TrickOrTreat_Test/Content/Blueprints/EasterEgg/BP_EasterEgg_Radius.uasset" 154
"C:/Users/Tomas/Documents/Unreal Projects/TrickOrTreat_Test/Content/Blueprints/EasterEgg/BP_EasterEgg_Radius.uexp" 155
"C:/Users/Tomas/Documents/Unreal Projects/TrickOrTreat_Test/Content/Blueprints/RoadBlockage/BP_Blockage.uasset" 156
"C:/Users/Tomas/Documents/Unreal Projects/TrickOrTreat_Test/Content/Blueprints/RoadBlockage/BP_Blockage.uexp" 157
"../../../Engine/Content/EngineMaterials/T_Default_Material_Grid_N.uasset" 158
"../../../Engine/Content/EngineMaterials/T_Default_Material_Grid_N.uexp" 159
"../../../Engine/Content/EngineMaterials/T_Default_Material_Grid_N.ubulk" 160
"../../../Engine/Content/EngineMaterials/T_Default_Material_Grid_M.uasset" 161
"../../../Engine/Content/EngineMaterials/T_Default_Material_Grid_M.uexp" 162
"../../../Engine/Content/EngineMaterials/T_Default_Material_Grid_M.ubulk" 163
"../../../Engine/Content/Functions/Engine_MaterialFunctions01/Opacity/CameraDepthFade.uasset" 164
"../../../Engine/Content/Functions/Engine_MaterialFunctions01/Opacity/CameraDepthFade.uexp" 165
"../../../Engine/Content/EngineMaterials/WorldGridMaterial.uasset" 166
"../../../Engine/Content/EngineMaterials/WorldGridMaterial.uexp" 167
"../../../Engine/Content/ArtTools/RenderToTexture/Meshes/S_1_Unit_Plane.uasset" 168
"../../../Engine/Content/ArtTools/RenderToTexture/Meshes/S_1_Unit_Plane.uexp" 169
"../../../Engine/Content/EngineMaterials/DefaultMaterial.uasset" 170
"../../../Engine/Content/EngineMaterials/DefaultMaterial.uexp" 171
"../../../Engine/Content/BasicShapes/Cone.uasset" 172
"../../../Engine/Content/BasicShapes/Cone.uexp" 173
"../../../Engine/Content/BasicShapes/Cube.uasset" 174
"../../../Engine/Content/BasicShapes/Cube.uexp" 175
"../../../Engine/Content/BasicShapes/Plane.uasset" 176
"../../../Engine/Content/BasicShapes/Plane.uexp" 177
"../../../Engine/Content/BasicShapes/Sphere.uasset" 178
"../../../Engine/Content/BasicShapes/Sphere.uexp" 179
"../../../Engine/Content/EditorLandscapeResources/DataLayer.uasset" 180
"../../../Engine/Content/EditorLandscapeResources/DataLayer.uexp" 181
"../../../Engine/Content/EditorLandscapeResources/DefaultAlphaTexture.uasset" 182
"../../../Engine/Content/EditorLandscapeResources/DefaultAlphaTexture.uexp" 183
"../../../Engine/Content/EditorMaterials/MAT_Groups_Toggle.uasset" 184
"../../../Engine/Content/EditorMaterials/MAT_Groups_Toggle.uexp" 185
"../../../Engine/Content/EditorMaterials/MAT_Groups_Visibility.uasset" 186
"../../../Engine/Content/EditorMaterials/MAT_Groups_Visibility.uexp" 187
"../../../Engine/Content/EditorMaterials/PreviewShadowIndicator.uasset" 188
"../../../Engine/Content/EditorMaterials/PreviewShadowIndicator.uexp" 189
"../../../Engine/Content/EditorMaterials/PreviewShadowIndicator.ubulk" 190
"../../../Engine/Content/EditorMaterials/PreviewShadowIndicatorMaterial.uasset" 191
"../../../Engine/Content/EditorMaterials/PreviewShadowIndicatorMaterial.uexp" 192
"../../../Engine/Content/EditorMaterials/MatineeGroups/MAT_ColorTrack.uasset" 193
"../../../Engine/Content/EditorMaterials/MatineeGroups/MAT_ColorTrack.uexp" 194
"../../../Engine/Content/EditorMaterials/MatineeGroups/MAT_Groups_Anim.uasset" 195
"../../../Engine/Content/EditorMaterials/MatineeGroups/MAT_Groups_Anim.uexp" 196
"../../../Engine/Content/EditorMaterials/MatineeGroups/MAT_Groups_AudioMaster.uasset" 197
"../../../Engine/Content/EditorMaterials/MatineeGroups/MAT_Groups_AudioMaster.uexp" 198
"../../../Engine/Content/EditorMaterials/MatineeGroups/MAT_Groups_Director.uasset" 199
"../../../Engine/Content/EditorMaterials/MatineeGroups/MAT_Groups_Director.uexp" 200
"../../../Engine/Content/EditorMaterials/MatineeGroups/MAT_Groups_Event.uasset" 201
"../../../Engine/Content/EditorMaterials/MatineeGroups/MAT_Groups_Event.uexp" 202
"../../../Engine/Content/EditorMaterials/MatineeGroups/MAT_Groups_Fade.uasset" 203
"../../../Engine/Content/EditorMaterials/MatineeGroups/MAT_Groups_Fade.uexp" 204
"../../../Engine/Content/EditorMaterials/MatineeGroups/MAT_Groups_Float.uasset" 205
"../../../Engine/Content/EditorMaterials/MatineeGroups/MAT_Groups_Float.uexp" 206
"../../../Engine/Content/EditorMaterials/MatineeGroups/MAT_Groups_Move.uasset" 207
"../../../Engine/Content/EditorMaterials/MatineeGroups/MAT_Groups_Move.uexp" 208
"../../../Engine/Content/EditorMaterials/MatineeGroups/MAT_Groups_Slomo.uasset" 209
"../../../Engine/Content/EditorMaterials/MatineeGroups/MAT_Groups_Slomo.uexp" 210
"../../../Engine/Content/EditorMaterials/MatineeGroups/MAT_Groups_Sound.uasset" 211
"../../../Engine/Content/EditorMaterials/MatineeGroups/MAT_Groups_Sound.uexp" 212
"../../../Engine/Content/EditorMaterials/MatineeGroups/MAT_Groups_Vector.uasset" 213
"../../../Engine/Content/EditorMaterials/MatineeGroups/MAT_Groups_Vector.uexp" 214
"../../../Engine/Content/EditorMaterials/ParticleSystems/PSysThumbnail_NoImage.uasset" 215
"../../../Engine/Content/EditorMaterials/ParticleSystems/PSysThumbnail_NoImage.uexp" 216
"../../../Engine/Content/EditorMaterials/ParticleSystems/PSysThumbnail_NoImage.ubulk" 217
"../../../Engine/Content/EditorMaterials/ParticleSystems/PSysThumbnail_OOD.uasset" 218
"../../../Engine/Content/EditorMaterials/ParticleSystems/PSysThumbnail_OOD.uexp" 219
"../../../Engine/Content/EditorMaterials/ParticleSystems/PSysThumbnail_OOD.ubulk" 220
"../../../Engine/Content/EditorMaterials/Camera/CineMat.uasset" 221
"../../../Engine/Content/EditorMaterials/Camera/CineMat.uexp" 222
"../../../Engine/Content/EditorMaterials/Camera/MI_CineMat_Rig.uasset" 223
"../../../Engine/Content/EditorMaterials/Camera/MI_CineMat_Rig.uexp" 224
"../../../Engine/Content/EditorMeshes/Camera/SM_CraneRig_Arm.uasset" 225
"../../../Engine/Content/EditorMeshes/Camera/SM_CraneRig_Arm.uexp" 226
"../../../Engine/Content/EditorMeshes/Camera/SM_CraneRig_Base.uasset" 227
"../../../Engine/Content/EditorMeshes/Camera/SM_CraneRig_Base.uexp" 228
"../../../Engine/Content/EditorMeshes/Camera/SM_CraneRig_Body.uasset" 229
"../../../Engine/Content/EditorMeshes/Camera/SM_CraneRig_Body.uexp" 230
"../../../Engine/Content/EditorMeshes/Camera/SM_CraneRig_Mount.uasset" 231
"../../../Engine/Content/EditorMeshes/Camera/SM_CraneRig_Mount.uexp" 232
"../../../Engine/Content/EditorMeshes/Camera/SM_RailRig_Mount.uasset" 233
"../../../Engine/Content/EditorMeshes/Camera/SM_RailRig_Mount.uexp" 234
"../../../Engine/Content/EditorMeshes/Camera/SM_RailRig_Track.uasset" 235
"../../../Engine/Content/EditorMeshes/Camera/SM_RailRig_Track.uexp" 236
"../../../Engine/Content/EditorResources/BSPVertex.uasset" 237
"../../../Engine/Content/EditorResources/BSPVertex.uexp" 238
"../../../Engine/Content/EditorResources/EmptyActor.uasset" 239
"../../../Engine/Content/EditorResources/EmptyActor.uexp" 240
"../../../Engine/Content/EditorResources/S_Actor.uasset" 241
"../../../Engine/Content/EditorResources/S_Actor.uexp" 242
"../../../Engine/Content/EditorResources/S_Actor.ubulk" 243
"../../../Engine/Content/EditorResources/S_Note.uasset" 244
"../../../Engine/Content/EditorResources/S_Note.uexp" 245
"../../../Engine/Content/EditorResources/S_Note.ubulk" 246
"../../../Engine/Content/EditorResources/S_Solver.uasset" 247
"../../../Engine/Content/EditorResources/S_Solver.uexp" 248
"../../../Engine/Content/EditorResources/S_Solver.ubulk" 249
"../../../Engine/Content/EditorResources/S_Terrain.uasset" 250
"../../../Engine/Content/EditorResources/S_Terrain.uexp" 251
"../../../Engine/Content/EditorResources/S_Terrain.ubulk" 252
"../../../Engine/Content/EditorResources/S_Trigger.uasset" 253
"../../../Engine/Content/EditorResources/S_Trigger.uexp" 254
"../../../Engine/Content/EditorResources/S_Trigger.ubulk" 255
"../../../Engine/Content/EditorResources/AudioIcons/S_AudioComponent_AutoActivate.uasset" 256
"../../../Engine/Content/EditorResources/AudioIcons/S_AudioComponent_AutoActivate.uexp" 257
"../../../Engine/Content/EditorResources/AudioIcons/S_AudioComponent_AutoActivate.ubulk" 258
"../../../Engine/Content/EditorResources/SequenceRecorder/Countdown.uasset" 259
"../../../Engine/Content/EditorResources/SequenceRecorder/Countdown.uexp" 260
"../../../Engine/Content/EditorResources/SequenceRecorder/RecordingIndicator.uasset" 261
"../../../Engine/Content/EditorResources/SequenceRecorder/RecordingIndicator.uexp" 262
"../../../Engine/Content/EngineDamageTypes/DmgTypeBP_Environmental.uasset" 263
"../../../Engine/Content/EngineDamageTypes/DmgTypeBP_Environmental.uexp" 264
"../../../Engine/Content/EngineDebugMaterials/DebugEditorMaterial.uasset" 265
"../../../Engine/Content/EngineDebugMaterials/DebugEditorMaterial.uexp" 266
"../../../Engine/Content/EngineDebugMaterials/DebugMeshMaterial.uasset" 267
"../../../Engine/Content/EngineDebugMaterials/DebugMeshMaterial.uexp" 268
"../../../Engine/Content/EngineDebugMaterials/M_SimpleUnlitTranslucent.uasset" 269
"../../../Engine/Content/EngineDebugMaterials/M_SimpleUnlitTranslucent.uexp" 270
"../../../Engine/Content/EngineDebugMaterials/VolumeToRender.uasset" 271
"../../../Engine/Content/EngineDebugMaterials/VolumeToRender.uexp" 272
"../../../Engine/Content/Functions/Engine_MaterialFunctions02/Utility/CameraDirectionVector.uasset" 273
"../../../Engine/Content/Functions/Engine_MaterialFunctions02/Utility/CameraDirectionVector.uexp" 274
"../../../Engine/Content/EngineDebugMaterials/M_VolumeRenderSphereTracePP.uasset" 275
"../../../Engine/Content/EngineDebugMaterials/M_VolumeRenderSphereTracePP.uexp" 276
"../../../Engine/Content/Functions/Engine_MaterialFunctions01/Shading/ConvertFromDiffSpec.uasset" 277
"../../../Engine/Content/Functions/Engine_MaterialFunctions01/Shading/ConvertFromDiffSpec.uexp" 278
"../../../Engine/Content/EngineDebugMaterials/VertexColorMaterial.uasset" 279
"../../../Engine/Content/EngineDebugMaterials/VertexColorMaterial.uexp" 280
"../../../Engine/Content/EngineDebugMaterials/WireframeMaterial.uasset" 281
"../../../Engine/Content/EngineDebugMaterials/WireframeMaterial.uexp" 282
"../../../Engine/Content/EngineFonts/Faces/RobotoRegular.uasset" 283
"../../../Engine/Content/EngineFonts/Faces/RobotoRegular.uexp" 284
"../../../Engine/Content/EngineFonts/Faces/RobotoRegular.ufont" 285
"../../../Engine/Content/EngineFonts/Faces/RobotoLight.uasset" 286
"../../../Engine/Content/EngineFonts/Faces/RobotoLight.uexp" 287
"../../../Engine/Content/EngineFonts/Faces/RobotoLight.ufont" 288
"../../../Engine/Content/EngineFonts/Faces/RobotoItalic.uasset" 289
"../../../Engine/Content/EngineFonts/Faces/RobotoItalic.uexp" 290
"../../../Engine/Content/EngineFonts/Faces/RobotoItalic.ufont" 291
"../../../Engine/Content/EngineFonts/Faces/RobotoBoldItalic.uasset" 292
"../../../Engine/Content/EngineFonts/Faces/RobotoBoldItalic.uexp" 293
"../../../Engine/Content/EngineFonts/Faces/RobotoBoldItalic.ufont" 294
"../../../Engine/Content/EngineFonts/Faces/RobotoBold.uasset" 295
"../../../Engine/Content/EngineFonts/Faces/RobotoBold.uexp" 296
"../../../Engine/Content/EngineFonts/Faces/RobotoBold.ufont" 297
"../../../Engine/Content/EngineFonts/Faces/DroidSansFallback.uasset" 298
"../../../Engine/Content/EngineFonts/Faces/DroidSansFallback.uexp" 299
"../../../Engine/Content/EngineFonts/Faces/DroidSansFallback.ufont" 300
"../../../Engine/Content/EngineFonts/Roboto.uasset" 301
"../../../Engine/Content/EngineFonts/Roboto.uexp" 302
"../../../Engine/Content/EngineMaterials/BaseFlattenNormalMap.uasset" 303
"../../../Engine/Content/EngineMaterials/BaseFlattenNormalMap.uexp" 304
"../../../Engine/Content/EngineMaterials/BaseFlattenGrayscaleMap.uasset" 305
"../../../Engine/Content/EngineMaterials/BaseFlattenGrayscaleMap.uexp" 306
"../../../Engine/Content/EngineMaterials/BaseFlattenEmissiveMap.uasset" 307
"../../../Engine/Content/EngineMaterials/BaseFlattenEmissiveMap.uexp" 308
"../../../Engine/Content/EngineMaterials/BaseFlattenDiffuseMap.uasset" 309
"../../../Engine/Content/EngineMaterials/BaseFlattenDiffuseMap.uexp" 310
"../../../Engine/Content/EngineMaterials/BaseFlattenMaterial.uasset" 311
"../../../Engine/Content/EngineMaterials/BaseFlattenMaterial.uexp" 312
"../../../Engine/Content/EngineMaterials/BlueNoise.uasset" 313
"../../../Engine/Content/EngineMaterials/BlueNoise.uexp" 314
"../../../Engine/Content/EngineMaterials/DefaultBloomKernel.uasset" 315
"../../../Engine/Content/EngineMaterials/DefaultBloomKernel.uexp" 316
"../../../Engine/Content/EngineMaterials/DefaultBokeh.uasset" 317
"../../../Engine/Content/EngineMaterials/DefaultBokeh.uexp" 318
"../../../Engine/Content/EngineMaterials/DefaultDiffuse.uasset" 319
"../../../Engine/Content/EngineMaterials/DefaultDiffuse.uexp" 320
"../../../Engine/Content/EngineMaterials/DefaultDiffuse.ubulk" 321
"../../../Engine/Content/EngineMaterials/DefaultDeferredDecalMaterial.uasset" 322
"../../../Engine/Content/EngineMaterials/DefaultDeferredDecalMaterial.uexp" 323
"../../../Engine/Content/EngineMaterials/DefaultLightFunctionMaterial.uasset" 324
"../../../Engine/Content/EngineMaterials/DefaultLightFunctionMaterial.uexp" 325
"../../../Engine/Content/EngineMaterials/DefaultPhysicalMaterial.uasset" 326
"../../../Engine/Content/EngineMaterials/DefaultPhysicalMaterial.uexp" 327
"../../../Engine/Content/Functions/Engine_MaterialFunctions02/Utility/BreakOutFloat2Components.uasset" 328
"../../../Engine/Content/Functions/Engine_MaterialFunctions02/Utility/BreakOutFloat2Components.uexp" 329
"../../../Engine/Content/EngineMaterials/DefaultPostProcessMaterial.uasset" 330
"../../../Engine/Content/EngineMaterials/DefaultPostProcessMaterial.uexp" 331
"../../../Engine/Content/EngineFonts/RobotoDistanceField.uasset" 332
"../../../Engine/Content/EngineFonts/RobotoDistanceField.uexp" 333
"../../../Engine/Content/EngineMaterials/DefaultTextMaterialOpaque.uasset" 334
"../../../Engine/Content/EngineMaterials/DefaultTextMaterialOpaque.uexp" 335
"../../../Engine/Content/EngineMaterials/DefaultWhiteGrid.uasset" 336
"../../../Engine/Content/EngineMaterials/DefaultWhiteGrid.uexp" 337
"../../../Engine/Content/EngineMaterials/DefaultWhiteGrid.ubulk" 338
"../../../Engine/Content/EngineMaterials/DefaultWhiteGrid_Low.uasset" 339
"../../../Engine/Content/EngineMaterials/DefaultWhiteGrid_Low.uexp" 340
"../../../Engine/Content/EngineMaterials/EmissiveMeshMaterial.uasset" 341
"../../../Engine/Content/EngineMaterials/EmissiveMeshMaterial.uexp" 342
"../../../Engine/Content/EngineMaterials/GizmoMaterial.uasset" 343
"../../../Engine/Content/EngineMaterials/GizmoMaterial.uexp" 344
"../../../Engine/Content/EngineMaterials/Good64x64TilingNoiseHighFreq.uasset" 345
"../../../Engine/Content/EngineMaterials/Good64x64TilingNoiseHighFreq.uexp" 346
"../../../Engine/Content/EngineMaterials/MiniFont.uasset" 347
"../../../Engine/Content/EngineMaterials/MiniFont.uexp" 348
"../../../Engine/Content/EngineMaterials/InvalidLightmapSettings.uasset" 349
"../../../Engine/Content/EngineMaterials/InvalidLightmapSettings.uexp" 350
"../../../Engine/Content/EngineMaterials/InvalidLightmapSettings.ubulk" 351
"../../../Engine/Content/EngineMaterials/M_InvalidLightmapSettings.uasset" 352
"../../../Engine/Content/EngineMaterials/M_InvalidLightmapSettings.uexp" 353
"../../../Engine/Content/Functions/Engine_MaterialFunctions02/WorldPositionOffset/CameraOffset.uasset" 354
"../../../Engine/Content/Functions/Engine_MaterialFunctions02/WorldPositionOffset/CameraOffset.uexp" 355
"../../../Engine/Content/EngineMaterials/PhAT_JointLimitMaterial.uasset" 356
"../../../Engine/Content/EngineMaterials/PhAT_JointLimitMaterial.uexp" 357
"../../../Engine/Content/EngineMaterials/DefaultCalibrationColor.uasset" 358
"../../../Engine/Content/EngineMaterials/DefaultCalibrationColor.uexp" 359
"../../../Engine/Content/EngineMaterials/PPM_DefaultCalibrationColor.uasset" 360
"../../../Engine/Content/EngineMaterials/PPM_DefaultCalibrationColor.uexp" 361
"../../../Engine/Content/EngineMaterials/DefaultCalibrationGrayscale.uasset" 362
"../../../Engine/Content/EngineMaterials/DefaultCalibrationGrayscale.uexp" 363
"../../../Engine/Content/EngineMaterials/PPM_DefaultCalibrationGrayscale.uasset" 364
"../../../Engine/Content/EngineMaterials/PPM_DefaultCalibrationGrayscale.uexp" 365
"../../../Engine/Content/EngineMaterials/PreintegratedSkinBRDF.uasset" 366
"../../../Engine/Content/EngineMaterials/PreintegratedSkinBRDF.uexp" 367
"../../../Engine/Content/EngineMaterials/RemoveSurfaceMaterial.uasset" 368
"../../../Engine/Content/EngineMaterials/RemoveSurfaceMaterial.uexp" 369
"../../../Engine/Content/EngineMaterials/WeightMapPlaceholderTexture.uasset" 370
"../../../Engine/Content/EngineMaterials/WeightMapPlaceholderTexture.uexp" 371
"../../../Engine/Content/EngineResources/WhiteSquareTexture.uasset" 372
"../../../Engine/Content/EngineResources/WhiteSquareTexture.uexp" 373
"../../../Engine/Content/EngineMaterials/Widget3DPassThrough.uasset" 374
"../../../Engine/Content/EngineMaterials/Widget3DPassThrough.uexp" 375
"../../../Engine/Content/EngineMaterials/Widget3DPassThrough_Masked.uasset" 376
"../../../Engine/Content/EngineMaterials/Widget3DPassThrough_Masked.uexp" 377
"../../../Engine/Content/EngineMaterials/Widget3DPassThrough_Opaque.uasset" 378
"../../../Engine/Content/EngineMaterials/Widget3DPassThrough_Opaque.uexp" 379
"../../../Engine/Content/EngineMaterials/Widget3DPassThrough_Masked_OneSided.uasset" 380
"../../../Engine/Content/EngineMaterials/Widget3DPassThrough_Masked_OneSided.uexp" 381
"../../../Engine/Content/EngineMaterials/Widget3DPassThrough_Opaque_OneSided.uasset" 382
"../../../Engine/Content/EngineMaterials/Widget3DPassThrough_Opaque_OneSided.uexp" 383
"../../../Engine/Content/EngineMaterials/Widget3DPassThrough_Translucent.uasset" 384
"../../../Engine/Content/EngineMaterials/Widget3DPassThrough_Translucent.uexp" 385
"../../../Engine/Content/EngineMaterials/Widget3DPassThrough_Translucent_OneSided.uasset" 386
"../../../Engine/Content/EngineMaterials/Widget3DPassThrough_Translucent_OneSided.uexp" 387
"../../../Engine/Content/EngineMeshes/Cylinder.uasset" 388
"../../../Engine/Content/EngineMeshes/Cylinder.uexp" 389
"../../../Engine/Content/EngineMeshes/Sphere.uasset" 390
"../../../Engine/Content/EngineMeshes/Sphere.uexp" 391
"../../../Engine/Content/EngineResources/DefaultTexture.uasset" 392
"../../../Engine/Content/EngineResources/DefaultTexture.uexp" 393
"../../../Engine/Content/EngineResources/DefaultTexture.ubulk" 394
"../../../Engine/Content/EngineResources/DefaultTextureCube.uasset" 395
"../../../Engine/Content/EngineResources/DefaultTextureCube.uexp" 396
"../../../Engine/Content/EngineResources/DefaultVolumeTexture2D.uasset" 397
"../../../Engine/Content/EngineResources/DefaultVolumeTexture2D.uexp" 398
"../../../Engine/Content/EngineResources/DefaultVolumeTexture.uasset" 399
"../../../Engine/Content/EngineResources/DefaultVolumeTexture.uexp" 400
"../../../Engine/Content/EngineResources/GradientTexture0.uasset" 401
"../../../Engine/Content/EngineResources/GradientTexture0.uexp" 402
"../../../Engine/Content/EngineSky/VolumetricClouds/T_NoiseShape64.uasset" 403
"../../../Engine/Content/EngineSky/VolumetricClouds/T_NoiseShape64.uexp" 404
"../../../Engine/Content/EngineSky/VolumetricClouds/T_NoiseShape64.ubulk" 405
"../../../Engine/Content/EngineSky/VolumetricClouds/T_VolumeNoiseShape64.uasset" 406
"../../../Engine/Content/EngineSky/VolumetricClouds/T_VolumeNoiseShape64.uexp" 407
"../../../Engine/Content/EngineSky/VolumetricClouds/T_NoiseErosion.uasset" 408
"../../../Engine/Content/EngineSky/VolumetricClouds/T_NoiseErosion.uexp" 409
"../../../Engine/Content/EngineSky/VolumetricClouds/T_NoiseErosion.ubulk" 410
"../../../Engine/Content/EngineSky/VolumetricClouds/T_VolumeNoiseErosion32.uasset" 411
"../../../Engine/Content/EngineSky/VolumetricClouds/T_VolumeNoiseErosion32.uexp" 412
"../../../Engine/Content/EngineSky/VolumetricClouds/CloudWeatherTexture.uasset" 413
"../../../Engine/Content/EngineSky/VolumetricClouds/CloudWeatherTexture.uexp" 414
"../../../Engine/Content/EngineSky/VolumetricClouds/CloudGradientTexture.uasset" 415
"../../../Engine/Content/EngineSky/VolumetricClouds/CloudGradientTexture.uexp" 416
"../../../Engine/Content/Functions/Engine_MaterialFunctions02/Utility/MakeFloat2.uasset" 417
"../../../Engine/Content/Functions/Engine_MaterialFunctions02/Utility/MakeFloat2.uexp" 418
"../../../Engine/Content/EngineSky/VolumetricClouds/m_SimpleVolumetricCloud.uasset" 419
"../../../Engine/Content/EngineSky/VolumetricClouds/m_SimpleVolumetricCloud.uexp" 420
"../../../Engine/Content/EngineSky/VolumetricClouds/m_SimpleVolumetricCloud_Inst.uasset" 421
"../../../Engine/Content/EngineSky/VolumetricClouds/m_SimpleVolumetricCloud_Inst.uexp" 422
"../../../Engine/Content/EngineSounds/Master.uasset" 423
"../../../Engine/Content/EngineSounds/Master.uexp" 424
"../../../Engine/Content/Functions/Engine_MaterialFunctions01/Shading/PowerToRoughness.uasset" 425
"../../../Engine/Content/Functions/Engine_MaterialFunctions01/Shading/PowerToRoughness.uexp" 426
"../../../Engine/Content/Maps/Templates/Thumbnails/Default.uasset" 427
"../../../Engine/Content/Maps/Templates/Thumbnails/Default.uexp" 428
"../../../Engine/Content/Maps/Templates/Thumbnails/TimeOfDay.uasset" 429
"../../../Engine/Content/Maps/Templates/Thumbnails/TimeOfDay.uexp" 430
"../../../Engine/Content/Maps/Templates/Thumbnails/VR-Basic.uasset" 431
"../../../Engine/Content/Maps/Templates/Thumbnails/VR-Basic.uexp" 432
"../../../Engine/Content/MobileResources/T_MobileControls_texture.uasset" 433
"../../../Engine/Content/MobileResources/T_MobileControls_texture.uexp" 434
"../../../Engine/Content/MobileResources/T_MobileMenu2.uasset" 435
"../../../Engine/Content/MobileResources/T_MobileMenu2.uexp" 436
"../../../Engine/Content/MobileResources/HUD/AnalogHat.uasset" 437
"../../../Engine/Content/MobileResources/HUD/AnalogHat.uexp" 438
"../../../Engine/Content/MobileResources/HUD/VirtualJoystick_Thumb.uasset" 439
"../../../Engine/Content/MobileResources/HUD/VirtualJoystick_Thumb.uexp" 440
"../../../Engine/Content/MobileResources/HUD/VirtualJoystick_Background.uasset" 441
"../../../Engine/Content/MobileResources/HUD/VirtualJoystick_Background.uexp" 442
"../../../Engine/Content/MobileResources/HUD/DefaultVirtualJoysticks.uasset" 443
"../../../Engine/Content/MobileResources/HUD/DefaultVirtualJoysticks.uexp" 444
"../../../Engine/Content/MobileResources/HUD/LeftVirtualJoystickOnly.uasset" 445
"../../../Engine/Content/MobileResources/HUD/LeftVirtualJoystickOnly.uexp" 446
"../../../Engine/Content/MobileResources/HUD/MobileHUDButton1_off.uasset" 447
"../../../Engine/Content/MobileResources/HUD/MobileHUDButton1_off.uexp" 448
"../../../Engine/Content/MobileResources/HUD/MobileHUDButton1_on.uasset" 449
"../../../Engine/Content/MobileResources/HUD/MobileHUDButton1_on.uexp" 450
"../../../Engine/Content/MobileResources/HUD/MobileHUDButton2_off.uasset" 451
"../../../Engine/Content/MobileResources/HUD/MobileHUDButton2_off.uexp" 452
"../../../Engine/Content/MobileResources/HUD/MobileHUDButton2_on.uasset" 453
"../../../Engine/Content/MobileResources/HUD/MobileHUDButton2_on.uexp" 454
"../../../Engine/Content/MobileResources/HUD/MobileHUDButton3.uasset" 455
"../../../Engine/Content/MobileResources/HUD/MobileHUDButton3.uexp" 456
"../../../Engine/Content/MobileResources/HUD/MobileHUDButtonFire.uasset" 457
"../../../Engine/Content/MobileResources/HUD/MobileHUDButtonFire.uexp" 458
"../../../Engine/Content/MobileResources/HUD/MobileHUDDirectionPad.uasset" 459
"../../../Engine/Content/MobileResources/HUD/MobileHUDDirectionPad.uexp" 460
"../../../Engine/Content/MobileResources/HUD/MobileHUDDirectionPad2.uasset" 461
"../../../Engine/Content/MobileResources/HUD/MobileHUDDirectionPad2.uexp" 462
"../../../Engine/Content/MobileResources/HUD/MobileHUDDirectionPad3.uasset" 463
"../../../Engine/Content/MobileResources/HUD/MobileHUDDirectionPad3.uexp" 464
"../../../Engine/Content/MobileResources/HUD/MobileHUDDirectionStick.uasset" 465
"../../../Engine/Content/MobileResources/HUD/MobileHUDDirectionStick.uexp" 466
"../../../Engine/Content/MobileResources/HUD/T_Castle_ThumbstickInner.uasset" 467
"../../../Engine/Content/MobileResources/HUD/T_Castle_ThumbstickInner.uexp" 468
"../../../Engine/Content/MobileResources/HUD/T_Castle_ThumbstickOutter.uasset" 469
"../../../Engine/Content/MobileResources/HUD/T_Castle_ThumbstickOutter.uexp" 470
"../../../Engine/Content/Tutorial/ContentIntroCurve.uasset" 471
"../../../Engine/Content/Tutorial/ContentIntroCurve.uexp" 472
"../../../Engine/Content/Tutorial/Basics/TutorialAssets/icon_tab_Levels_40x.uasset" 473
"../../../Engine/Content/Tutorial/Basics/TutorialAssets/icon_tab_Levels_40x.uexp" 474
"../../../Engine/Content/Tutorial/Landscape/TutorialAssets/Landscape.uasset" 475
"../../../Engine/Content/Tutorial/Landscape/TutorialAssets/Landscape.uexp" 476
"../../../Engine/Content/VREditor/TransformGizmo/TranslucentTransformGizmoMaterial.uasset" 477
"../../../Engine/Content/VREditor/TransformGizmo/TranslucentTransformGizmoMaterial.uexp" 478
"../../../Engine/Content/VREditor/LaserPointer/VR_LaserPower_01.uasset" 479
"../../../Engine/Content/VREditor/LaserPointer/VR_LaserPower_01.uexp" 480
"../../../Engine/Content/VREditor/LaserPointer/VR_LaserPower_01.ubulk" 481
"../../../Engine/Content/VREditor/TransformGizmo/TransformGizmoMaterial.uasset" 482
"../../../Engine/Content/VREditor/TransformGizmo/TransformGizmoMaterial.uexp" 483
"../../../Engine/Content/VREditor/TransformGizmo/BoundingBoxCorner.uasset" 484
"../../../Engine/Content/VREditor/TransformGizmo/BoundingBoxCorner.uexp" 485
"../../../Engine/Content/VREditor/TransformGizmo/BoundingBoxEdge.uasset" 486
"../../../Engine/Content/VREditor/TransformGizmo/BoundingBoxEdge.uexp" 487
"../../../Engine/Content/VREditor/TransformGizmo/PlaneTranslationHandle.uasset" 488
"../../../Engine/Content/VREditor/TransformGizmo/PlaneTranslationHandle.uexp" 489
"../../../Engine/Content/VREditor/TransformGizmo/Xray.uasset" 490
"../../../Engine/Content/VREditor/TransformGizmo/Xray.uexp" 491
"../../../Engine/Content/VREditor/TransformGizmo/Main.uasset" 492
"../../../Engine/Content/VREditor/TransformGizmo/Main.uexp" 493
"../../../Engine/Content/VREditor/TransformGizmo/SM_Sequencer_Key.uasset" 494
"../../../Engine/Content/VREditor/TransformGizmo/SM_Sequencer_Key.uexp" 495
"../../../Engine/Content/VREditor/TransformGizmo/SM_Sequencer_Node.uasset" 496
"../../../Engine/Content/VREditor/TransformGizmo/SM_Sequencer_Node.uexp" 497
"../../../Engine/Plugins/2D/Paper2D/Content/DummySprite.uasset" 498
"../../../Engine/Plugins/2D/Paper2D/Content/DummySprite.uexp" 499
"../../../Engine/Plugins/2D/Paper2D/Content/DefaultPaperTerrainMaterial.uasset" 500
"../../../Engine/Plugins/2D/Paper2D/Content/DefaultPaperTerrainMaterial.uexp" 501
"../../../Engine/Plugins/2D/Paper2D/Content/MaskedUnlitSpriteMaterial.uasset" 502
"../../../Engine/Plugins/2D/Paper2D/Content/MaskedUnlitSpriteMaterial.uexp" 503
"../../../Engine/Plugins/2D/Paper2D/Content/OpaqueUnlitSpriteMaterial.uasset" 504
"../../../Engine/Plugins/2D/Paper2D/Content/OpaqueUnlitSpriteMaterial.uexp" 505
"../../../Engine/Content/Functions/Engine_MaterialFunctions02/Utility/VectorLength.uasset" 506
"../../../Engine/Content/Functions/Engine_MaterialFunctions02/Utility/VectorLength.uexp" 507
"../../../Engine/Content/Functions/Engine_MaterialFunctions02/ObjectLocalBounds.uasset" 508
"../../../Engine/Content/Functions/Engine_MaterialFunctions02/ObjectLocalBounds.uexp" 509
"../../../Engine/Content/Functions/Engine_MaterialFunctions02/Utility/BreakOutFloat3Components.uasset" 510
"../../../Engine/Content/Functions/Engine_MaterialFunctions02/Utility/BreakOutFloat3Components.uexp" 511
"../../../Engine/Content/Functions/Engine_MaterialFunctions02/WorldPositionOffset/ObjectScale.uasset" 512
"../../../Engine/Content/Functions/Engine_MaterialFunctions02/WorldPositionOffset/ObjectScale.uexp" 513
"../../../Engine/Plugins/Editor/SpeedTreeImporter/Content/SpeedTree9/UnpackInteger3.uasset" 514
"../../../Engine/Plugins/Editor/SpeedTreeImporter/Content/SpeedTree9/UnpackInteger3.uexp" 515
"../../../Engine/Plugins/Editor/SpeedTreeImporter/Content/SpeedTree9/UnpackDirection.uasset" 516
"../../../Engine/Plugins/Editor/SpeedTreeImporter/Content/SpeedTree9/UnpackDirection.uexp" 517
"../../../Engine/Plugins/Editor/SpeedTreeImporter/Content/SpeedTree9/game_wind_noise.uasset" 518
"../../../Engine/Plugins/Editor/SpeedTreeImporter/Content/SpeedTree9/game_wind_noise.uexp" 519
"../../../Engine/Plugins/Editor/SpeedTreeImporter/Content/SpeedTree9/game_wind_noise.ubulk" 520
"../../../Engine/Content/Functions/Engine_MaterialFunctions02/SafeNormalize.uasset" 521
"../../../Engine/Content/Functions/Engine_MaterialFunctions02/SafeNormalize.uexp" 522
"../../../Engine/Plugins/Editor/SpeedTreeImporter/Content/SpeedTree9/SpeedTreeWindMotion.uasset" 523
"../../../Engine/Plugins/Editor/SpeedTreeImporter/Content/SpeedTree9/SpeedTreeWindMotion.uexp" 524
"../../../Engine/Plugins/Editor/SpeedTreeImporter/Content/SpeedTree9/SpeedTreeBranchMotion.uasset" 525
"../../../Engine/Plugins/Editor/SpeedTreeImporter/Content/SpeedTree9/SpeedTreeBranchMotion.uexp" 526
"../../../Engine/Content/Functions/Engine_MaterialFunctions02/UVs/BoundingBoxBased_0-1_UVW.uasset" 527
"../../../Engine/Content/Functions/Engine_MaterialFunctions02/UVs/BoundingBoxBased_0-1_UVW.uexp" 528
"../../../Engine/Plugins/Editor/SpeedTreeImporter/Content/SpeedTree9/SpeedTreeWind.uasset" 529
"../../../Engine/Plugins/Editor/SpeedTreeImporter/Content/SpeedTree9/SpeedTreeWind.uexp" 530
"../../../Engine/Plugins/Editor/SpeedTreeImporter/Content/SpeedTree9/SpeedTreeBillboard.uasset" 531
"../../../Engine/Plugins/Editor/SpeedTreeImporter/Content/SpeedTree9/SpeedTreeBillboard.uexp" 532
"../../../Engine/Plugins/Editor/SpeedTreeImporter/Content/SpeedTree9/EmptyNormal.uasset" 533
"../../../Engine/Plugins/Editor/SpeedTreeImporter/Content/SpeedTree9/EmptyNormal.uexp" 534
"../../../Engine/Plugins/Editor/SpeedTreeImporter/Content/SpeedTree9/Empty.uasset" 535
"../../../Engine/Plugins/Editor/SpeedTreeImporter/Content/SpeedTree9/Empty.uexp" 536
"../../../Engine/Plugins/Editor/SpeedTreeImporter/Content/SpeedTree9/SpeedTreeBillboardMaster.uasset" 537
"../../../Engine/Plugins/Editor/SpeedTreeImporter/Content/SpeedTree9/SpeedTreeBillboardMaster.uexp" 538
"../../../Engine/Plugins/Editor/SpeedTreeImporter/Content/SpeedTree9/SpeedTreeCameraFacing.uasset" 539
"../../../Engine/Plugins/Editor/SpeedTreeImporter/Content/SpeedTree9/SpeedTreeCameraFacing.uexp" 540
"../../../Engine/Plugins/Editor/SpeedTreeImporter/Content/SpeedTree9/SpeedTreeMaster.uasset" 541
"../../../Engine/Plugins/Editor/SpeedTreeImporter/Content/SpeedTree9/SpeedTreeMaster.uexp" 542
"../../../Engine/Content/BasicShapes/Cylinder.uasset" 543
"../../../Engine/Content/BasicShapes/Cylinder.uexp" 544
"../../../Engine/Content/ArtTools/RenderToTexture/Materials/Debug/M_Emissive_Color.uasset" 545
"../../../Engine/Content/ArtTools/RenderToTexture/Materials/Debug/M_Emissive_Color.uexp" 546
"../../../Engine/Plugins/Lumin/MagicLeapPassableWorld/Content/MagicLeapARPinInfoActor.uasset" 547
"../../../Engine/Plugins/Lumin/MagicLeapPassableWorld/Content/MagicLeapARPinInfoActor.uexp" 548
"../../../Engine/Plugins/Runtime/OpenXR/Content/Devices/GoogleDaydream/MRTexture.uasset" 549
"../../../Engine/Plugins/Runtime/OpenXR/Content/Devices/GoogleDaydream/MRTexture.uexp" 550
"../../../Engine/Plugins/Runtime/OpenXR/Content/Devices/GoogleDaydream/MRTexture.ubulk" 551
"../../../Engine/Plugins/Runtime/OpenXR/Content/Devices/GoogleDaydream/BaseTexture.uasset" 552
"../../../Engine/Plugins/Runtime/OpenXR/Content/Devices/GoogleDaydream/BaseTexture.uexp" 553
"../../../Engine/Plugins/Runtime/OpenXR/Content/Devices/GoogleDaydream/BaseTexture.ubulk" 554
"../../../Engine/Content/EngineResources/Black.uasset" 555
"../../../Engine/Content/EngineResources/Black.uexp" 556
"../../../Engine/Plugins/Runtime/OpenXR/Content/Devices/M_XRController.uasset" 557
"../../../Engine/Plugins/Runtime/OpenXR/Content/Devices/M_XRController.uexp" 558
"../../../Engine/Plugins/Runtime/OpenXR/Content/Devices/GoogleDaydream/MI_GoogleDaydream.uasset" 559
"../../../Engine/Plugins/Runtime/OpenXR/Content/Devices/GoogleDaydream/MI_GoogleDaydream.uexp" 560
"../../../Engine/Plugins/Runtime/OpenXR/Content/Devices/GoogleDaydream/GoogleDaydreamController.uasset" 561
"../../../Engine/Plugins/Runtime/OpenXR/Content/Devices/GoogleDaydream/GoogleDaydreamController.uexp" 562
"../../../Engine/Plugins/Runtime/OpenXR/Content/Devices/HTCVive/BaseTexture.uasset" 563
"../../../Engine/Plugins/Runtime/OpenXR/Content/Devices/HTCVive/BaseTexture.uexp" 564
"../../../Engine/Plugins/Runtime/OpenXR/Content/Devices/HTCVive/BaseTexture.ubulk" 565
"../../../Engine/Plugins/Runtime/OpenXR/Content/Devices/HTCVive/MI_HTCVive.uasset" 566
"../../../Engine/Plugins/Runtime/OpenXR/Content/Devices/HTCVive/MI_HTCVive.uexp" 567
"../../../Engine/Plugins/Runtime/OpenXR/Content/Devices/HTCVive/HTCViveController.uasset" 568
"../../../Engine/Plugins/Runtime/OpenXR/Content/Devices/HTCVive/HTCViveController.uexp" 569
"../../../Engine/Plugins/Runtime/OpenXR/Content/Devices/MicrosoftMixedReality/NormalTexture.uasset" 570
"../../../Engine/Plugins/Runtime/OpenXR/Content/Devices/MicrosoftMixedReality/NormalTexture.uexp" 571
"../../../Engine/Plugins/Runtime/OpenXR/Content/Devices/MicrosoftMixedReality/NormalTexture.ubulk" 572
"../../../Engine/Plugins/Runtime/OpenXR/Content/Devices/MicrosoftMixedReality/MRTexture.uasset" 573
"../../../Engine/Plugins/Runtime/OpenXR/Content/Devices/MicrosoftMixedReality/MRTexture.uexp" 574
"../../../Engine/Plugins/Runtime/OpenXR/Content/Devices/MicrosoftMixedReality/MRTexture.ubulk" 575
"../../../Engine/Plugins/Runtime/OpenXR/Content/Devices/MicrosoftMixedReality/EmissiveTexture.uasset" 576
"../../../Engine/Plugins/Runtime/OpenXR/Content/Devices/MicrosoftMixedReality/EmissiveTexture.uexp" 577
"../../../Engine/Plugins/Runtime/OpenXR/Content/Devices/MicrosoftMixedReality/EmissiveTexture.ubulk" 578
"../../../Engine/Plugins/Runtime/OpenXR/Content/Devices/MicrosoftMixedReality/BaseTexture.uasset" 579
"../../../Engine/Plugins/Runtime/OpenXR/Content/Devices/MicrosoftMixedReality/BaseTexture.uexp" 580
"../../../Engine/Plugins/Runtime/OpenXR/Content/Devices/MicrosoftMixedReality/BaseTexture.ubulk" 581
"../../../Engine/Plugins/Runtime/OpenXR/Content/Devices/MicrosoftMixedReality/MI_MicrosoftMixedReality.uasset" 582
"../../../Engine/Plugins/Runtime/OpenXR/Content/Devices/MicrosoftMixedReality/MI_MicrosoftMixedReality.uexp" 583
"../../../Engine/Plugins/Runtime/OpenXR/Content/Devices/MicrosoftMixedReality/Left/left_MicrosoftMixedRealityController.uasset" 584
"../../../Engine/Plugins/Runtime/OpenXR/Content/Devices/MicrosoftMixedReality/Left/left_MicrosoftMixedRealityController.uexp" 585
"../../../Engine/Plugins/Runtime/OpenXR/Content/Devices/MicrosoftMixedReality/Right/right_MicrosoftMixedRealityController.uasset" 586
"../../../Engine/Plugins/Runtime/OpenXR/Content/Devices/MicrosoftMixedReality/Right/right_MicrosoftMixedRealityController.uexp" 587
"../../../Engine/Plugins/Runtime/OpenXR/Content/Devices/OculusGo/BaseTexture.uasset" 588
"../../../Engine/Plugins/Runtime/OpenXR/Content/Devices/OculusGo/BaseTexture.uexp" 589
"../../../Engine/Plugins/Runtime/OpenXR/Content/Devices/OculusGo/BaseTexture.ubulk" 590
"../../../Engine/Plugins/Runtime/OpenXR/Content/Devices/OculusGo/MI_OculusGo.uasset" 591
"../../../Engine/Plugins/Runtime/OpenXR/Content/Devices/OculusGo/MI_OculusGo.uexp" 592
"../../../Engine/Plugins/Runtime/OpenXR/Content/Devices/OculusGo/OculusGoController.uasset" 593
"../../../Engine/Plugins/Runtime/OpenXR/Content/Devices/OculusGo/OculusGoController.uexp" 594
"../../../Engine/Plugins/Runtime/OpenXR/Content/Devices/OculusTouch/MRTexture.uasset" 595
"../../../Engine/Plugins/Runtime/OpenXR/Content/Devices/OculusTouch/MRTexture.uexp" 596
"../../../Engine/Plugins/Runtime/OpenXR/Content/Devices/OculusTouch/MRTexture.ubulk" 597
"../../../Engine/Plugins/Runtime/OpenXR/Content/Devices/OculusTouch/BaseTexture.uasset" 598
"../../../Engine/Plugins/Runtime/OpenXR/Content/Devices/OculusTouch/BaseTexture.uexp" 599
"../../../Engine/Plugins/Runtime/OpenXR/Content/Devices/OculusTouch/BaseTexture.ubulk" 600
"../../../Engine/Plugins/Runtime/OpenXR/Content/Devices/OculusTouch/MI_OculusTouch.uasset" 601
"../../../Engine/Plugins/Runtime/OpenXR/Content/Devices/OculusTouch/MI_OculusTouch.uexp" 602
"../../../Engine/Plugins/Runtime/OpenXR/Content/Devices/OculusTouch/Left/left_OculusTouchController.uasset" 603
"../../../Engine/Plugins/Runtime/OpenXR/Content/Devices/OculusTouch/Left/left_OculusTouchController.uexp" 604
"../../../Engine/Plugins/Runtime/OpenXR/Content/Devices/OculusTouch/Right/right_OculusTouchController.uasset" 605
"../../../Engine/Plugins/Runtime/OpenXR/Content/Devices/OculusTouch/Right/right_OculusTouchController.uexp" 606
"../../../Engine/Plugins/Runtime/OpenXR/Content/Devices/OculusTouch_v2/MRTexture.uasset" 607
"../../../Engine/Plugins/Runtime/OpenXR/Content/Devices/OculusTouch_v2/MRTexture.uexp" 608
"../../../Engine/Plugins/Runtime/OpenXR/Content/Devices/OculusTouch_v2/MRTexture.ubulk" 609
"../../../Engine/Plugins/Runtime/OpenXR/Content/Devices/OculusTouch_v2/BaseTexture.uasset" 610
"../../../Engine/Plugins/Runtime/OpenXR/Content/Devices/OculusTouch_v2/BaseTexture.uexp" 611
"../../../Engine/Plugins/Runtime/OpenXR/Content/Devices/OculusTouch_v2/BaseTexture.ubulk" 612
"../../../Engine/Plugins/Runtime/OpenXR/Content/Devices/OculusTouch_v2/MI_OculusTouch_v2.uasset" 613
"../../../Engine/Plugins/Runtime/OpenXR/Content/Devices/OculusTouch_v2/MI_OculusTouch_v2.uexp" 614
"../../../Engine/Plugins/Runtime/OpenXR/Content/Devices/OculusTouch_v2/Left/left_OculusTouch_v2Controller.uasset" 615
"../../../Engine/Plugins/Runtime/OpenXR/Content/Devices/OculusTouch_v2/Left/left_OculusTouch_v2Controller.uexp" 616
"../../../Engine/Plugins/Runtime/OpenXR/Content/Devices/OculusTouch_v2/Right/right_OculusTouch_v2Controller.uasset" 617
"../../../Engine/Plugins/Runtime/OpenXR/Content/Devices/OculusTouch_v2/Right/right_OculusTouch_v2Controller.uexp" 618
"../../../Engine/Plugins/Runtime/OpenXR/Content/Devices/OculusTouch_v3/MRTexture.uasset" 619
"../../../Engine/Plugins/Runtime/OpenXR/Content/Devices/OculusTouch_v3/MRTexture.uexp" 620
"../../../Engine/Plugins/Runtime/OpenXR/Content/Devices/OculusTouch_v3/MRTexture.ubulk" 621
"../../../Engine/Plugins/Runtime/OpenXR/Content/Devices/OculusTouch_v3/BaseTexture.uasset" 622
"../../../Engine/Plugins/Runtime/OpenXR/Content/Devices/OculusTouch_v3/BaseTexture.uexp" 623
"../../../Engine/Plugins/Runtime/OpenXR/Content/Devices/OculusTouch_v3/BaseTexture.ubulk" 624
"../../../Engine/Plugins/Runtime/OpenXR/Content/Devices/OculusTouch_v3/MI_OculusTouch_v3.uasset" 625
"../../../Engine/Plugins/Runtime/OpenXR/Content/Devices/OculusTouch_v3/MI_OculusTouch_v3.uexp" 626
"../../../Engine/Plugins/Runtime/OpenXR/Content/Devices/OculusTouch_v3/Left/left_OculusTouch_v3Controller.uasset" 627
"../../../Engine/Plugins/Runtime/OpenXR/Content/Devices/OculusTouch_v3/Left/left_OculusTouch_v3Controller.uexp" 628
"../../../Engine/Plugins/Runtime/OpenXR/Content/Devices/OculusTouch_v3/Right/right_OculusTouch_v3Controller.uasset" 629
"../../../Engine/Plugins/Runtime/OpenXR/Content/Devices/OculusTouch_v3/Right/right_OculusTouch_v3Controller.uexp" 630
"../../../Engine/Plugins/Runtime/OpenXR/Content/Devices/ValveIndex/Left/left_MRTexture.uasset" 631
"../../../Engine/Plugins/Runtime/OpenXR/Content/Devices/ValveIndex/Left/left_MRTexture.uexp" 632
"../../../Engine/Plugins/Runtime/OpenXR/Content/Devices/ValveIndex/Left/left_MRTexture.ubulk" 633
"../../../Engine/Plugins/Runtime/OpenXR/Content/Devices/ValveIndex/Left/left_BaseTexture.uasset" 634
"../../../Engine/Plugins/Runtime/OpenXR/Content/Devices/ValveIndex/Left/left_BaseTexture.uexp" 635
"../../../Engine/Plugins/Runtime/OpenXR/Content/Devices/ValveIndex/Left/left_BaseTexture.ubulk" 636
"../../../Engine/Plugins/Runtime/OpenXR/Content/Devices/ValveIndex/Left/MI_left_ValveIndex.uasset" 637
"../../../Engine/Plugins/Runtime/OpenXR/Content/Devices/ValveIndex/Left/MI_left_ValveIndex.uexp" 638
"../../../Engine/Plugins/Runtime/OpenXR/Content/Devices/ValveIndex/Left/left_ValveIndexController.uasset" 639
"../../../Engine/Plugins/Runtime/OpenXR/Content/Devices/ValveIndex/Left/left_ValveIndexController.uexp" 640
"../../../Engine/Plugins/Runtime/OpenXR/Content/Devices/ValveIndex/Right/right_MRTexture.uasset" 641
"../../../Engine/Plugins/Runtime/OpenXR/Content/Devices/ValveIndex/Right/right_MRTexture.uexp" 642
"../../../Engine/Plugins/Runtime/OpenXR/Content/Devices/ValveIndex/Right/right_MRTexture.ubulk" 643
"../../../Engine/Plugins/Runtime/OpenXR/Content/Devices/ValveIndex/Right/right_BaseTexture.uasset" 644
"../../../Engine/Plugins/Runtime/OpenXR/Content/Devices/ValveIndex/Right/right_BaseTexture.uexp" 645
"../../../Engine/Plugins/Runtime/OpenXR/Content/Devices/ValveIndex/Right/right_BaseTexture.ubulk" 646
"../../../Engine/Plugins/Runtime/OpenXR/Content/Devices/ValveIndex/Right/MI_right_ValveIndex.uasset" 647
"../../../Engine/Plugins/Runtime/OpenXR/Content/Devices/ValveIndex/Right/MI_right_ValveIndex.uexp" 648
"../../../Engine/Plugins/Runtime/OpenXR/Content/Devices/ValveIndex/Right/right_ValveIndexController.uasset" 649
"../../../Engine/Plugins/Runtime/OpenXR/Content/Devices/ValveIndex/Right/right_ValveIndexController.uexp" 650
"../../../Engine/Content/Functions/Engine_MaterialFunctions02/Utility/BreakOutFloat4Components.uasset" 651
"../../../Engine/Content/Functions/Engine_MaterialFunctions02/Utility/BreakOutFloat4Components.uexp" 652
"../../../Engine/Content/Functions/Engine_MaterialFunctions02/Utility/MakeFloat3.uasset" 653
"../../../Engine/Content/Functions/Engine_MaterialFunctions02/Utility/MakeFloat3.uexp" 654
"../../../Engine/Plugins/Runtime/Oculus/OculusVR/Content/Materials/OculusMR_ChromaKey.uasset" 655
"../../../Engine/Plugins/Runtime/Oculus/OculusVR/Content/Materials/OculusMR_ChromaKey.uexp" 656
"../../../Engine/Plugins/Runtime/Oculus/OculusVR/Content/Materials/OculusMR_OpaqueColoredMaterial.uasset" 657
"../../../Engine/Plugins/Runtime/Oculus/OculusVR/Content/Materials/OculusMR_OpaqueColoredMaterial.uexp" 658
"../../../Engine/Plugins/Runtime/Oculus/OculusVR/Content/Materials/PokeAHoleMaterial.uasset" 659
"../../../Engine/Plugins/Runtime/Oculus/OculusVR/Content/Materials/PokeAHoleMaterial.uexp" 660
"../../../Engine/Plugins/Runtime/Oculus/OculusVR/Content/Textures/touchController_controlmap.uasset" 661
"../../../Engine/Plugins/Runtime/Oculus/OculusVR/Content/Textures/touchController_controlmap.uexp" 662
"../../../Engine/Plugins/Runtime/Oculus/OculusVR/Content/Textures/touchController_controlmap.ubulk" 663
"../../../Engine/Plugins/Runtime/Oculus/OculusVR/Content/Textures/touchController_albedo.uasset" 664
"../../../Engine/Plugins/Runtime/Oculus/OculusVR/Content/Textures/touchController_albedo.uexp" 665
"../../../Engine/Plugins/Runtime/Oculus/OculusVR/Content/Textures/touchController_albedo.ubulk" 666
"../../../Engine/Plugins/Runtime/Oculus/OculusVR/Content/Materials/touchController_mat.uasset" 667
"../../../Engine/Plugins/Runtime/Oculus/OculusVR/Content/Materials/touchController_mat.uexp" 668
"../../../Engine/Plugins/Runtime/Oculus/OculusVR/Content/Meshes/LeftTouchController.uasset" 669
"../../../Engine/Plugins/Runtime/Oculus/OculusVR/Content/Meshes/LeftTouchController.uexp" 670
"../../../Engine/Plugins/Runtime/Oculus/OculusVR/Content/Textures/TouchForQuestRiftSController_albedo.uasset" 671
"../../../Engine/Plugins/Runtime/Oculus/OculusVR/Content/Textures/TouchForQuestRiftSController_albedo.uexp" 672
"../../../Engine/Plugins/Runtime/Oculus/OculusVR/Content/Textures/TouchForQuestRiftSController_albedo.ubulk" 673
"../../../Engine/Plugins/Runtime/Oculus/OculusVR/Content/Materials/TouchForQuestRiftSControllerMaterial.uasset" 674
"../../../Engine/Plugins/Runtime/Oculus/OculusVR/Content/Materials/TouchForQuestRiftSControllerMaterial.uexp" 675
"../../../Engine/Plugins/Runtime/Oculus/OculusVR/Content/Meshes/LeftTouchForQuestRiftSController.uasset" 676
"../../../Engine/Plugins/Runtime/Oculus/OculusVR/Content/Meshes/LeftTouchForQuestRiftSController.uexp" 677
"../../../Engine/Plugins/Runtime/Oculus/OculusVR/Content/Meshes/RiftHMD.uasset" 678
"../../../Engine/Plugins/Runtime/Oculus/OculusVR/Content/Meshes/RiftHMD.uexp" 679
"../../../Engine/Plugins/Runtime/Oculus/OculusVR/Content/Meshes/RightTouchController.uasset" 680
"../../../Engine/Plugins/Runtime/Oculus/OculusVR/Content/Meshes/RightTouchController.uexp" 681
"../../../Engine/Plugins/Runtime/Oculus/OculusVR/Content/Meshes/RightTouchForQuestRiftSController.uasset" 682
"../../../Engine/Plugins/Runtime/Oculus/OculusVR/Content/Meshes/RightTouchForQuestRiftSController.uexp" 683
"C:/Users/Tomas/Documents/Unreal Projects/TrickOrTreat_Test/Content/Assets/PNG/Menu/Credits.uasset" 684
"C:/Users/Tomas/Documents/Unreal Projects/TrickOrTreat_Test/Content/Assets/PNG/Menu/Credits.uexp" 685
"C:/Users/Tomas/Documents/Unreal Projects/TrickOrTreat_Test/Content/Blueprints/HUD/WBP_Credits.uasset" 686
"C:/Users/Tomas/Documents/Unreal Projects/TrickOrTreat_Test/Content/Blueprints/HUD/WBP_Credits.uexp" 687
"C:/Users/Tomas/Documents/Unreal Projects/TrickOrTreat_Test/Content/Levels/L_Credits.uexp" 688
"C:/Users/Tomas/Documents/Unreal Projects/TrickOrTreat_Test/Content/Levels/L_Credits.umap" 689
"C:/Users/Tomas/Documents/Unreal Projects/TrickOrTreat_Test/Content/Assets/PNG/Menu/Cutscene_6.uasset" 690
"C:/Users/Tomas/Documents/Unreal Projects/TrickOrTreat_Test/Content/Assets/PNG/Menu/Cutscene_6.uexp" 691
"C:/Users/Tomas/Documents/Unreal Projects/TrickOrTreat_Test/Content/Assets/PNG/Menu/Cutscene_5.uasset" 692
"C:/Users/Tomas/Documents/Unreal Projects/TrickOrTreat_Test/Content/Assets/PNG/Menu/Cutscene_5.uexp" 693
"C:/Users/Tomas/Documents/Unreal Projects/TrickOrTreat_Test/Content/Assets/PNG/Menu/Cutscene_4.uasset" 694
"C:/Users/Tomas/Documents/Unreal Projects/TrickOrTreat_Test/Content/Assets/PNG/Menu/Cutscene_4.uexp" 695
"C:/Users/Tomas/Documents/Unreal Projects/TrickOrTreat_Test/Content/Assets/PNG/Menu/Cutscene_3.uasset" 696
"C:/Users/Tomas/Documents/Unreal Projects/TrickOrTreat_Test/Content/Assets/PNG/Menu/Cutscene_3.uexp" 697
"C:/Users/Tomas/Documents/Unreal Projects/TrickOrTreat_Test/Content/Assets/PNG/Menu/Cutscene_2.uasset" 698
"C:/Users/Tomas/Documents/Unreal Projects/TrickOrTreat_Test/Content/Assets/PNG/Menu/Cutscene_2.uexp" 699
"C:/Users/Tomas/Documents/Unreal Projects/TrickOrTreat_Test/Content/Assets/PNG/Menu/Cutscene_1.uasset" 700
"C:/Users/Tomas/Documents/Unreal Projects/TrickOrTreat_Test/Content/Assets/PNG/Menu/Cutscene_1.uexp" 701
"C:/Users/Tomas/Documents/Unreal Projects/TrickOrTreat_Test/Content/Blueprints/HUD/WBP_Cutscene.uasset" 702
"C:/Users/Tomas/Documents/Unreal Projects/TrickOrTreat_Test/Content/Blueprints/HUD/WBP_Cutscene.uexp" 703
"C:/Users/Tomas/Documents/Unreal Projects/TrickOrTreat_Test/Content/Assets/Sounds/Music/Misconception__Piano_Version__-_myuu-1rxpUma1ROE.uasset" 704
"C:/Users/Tomas/Documents/Unreal Projects/TrickOrTreat_Test/Content/Assets/Sounds/Music/Misconception__Piano_Version__-_myuu-1rxpUma1ROE.uexp" 705
"C:/Users/Tomas/Documents/Unreal Projects/TrickOrTreat_Test/Content/Assets/Sounds/Music/Mis.uasset" 706
"C:/Users/Tomas/Documents/Unreal Projects/TrickOrTreat_Test/Content/Assets/Sounds/Music/Mis.uexp" 707
"C:/Users/Tomas/Documents/Unreal Projects/TrickOrTreat_Test/Content/Levels/L_Cutscene.uexp" 708
"C:/Users/Tomas/Documents/Unreal Projects/TrickOrTreat_Test/Content/Levels/L_Cutscene.umap" 709
"C:/Users/Tomas/Documents/Unreal Projects/TrickOrTreat_Test/Content/Assets/PNG/Menu/Game_over_screen.uasset" 710
"C:/Users/Tomas/Documents/Unreal Projects/TrickOrTreat_Test/Content/Assets/PNG/Menu/Game_over_screen.uexp" 711
"C:/Users/Tomas/Documents/Unreal Projects/TrickOrTreat_Test/Content/Blueprints/HUD/WBP_GameOver.uasset" 712
"C:/Users/Tomas/Documents/Unreal Projects/TrickOrTreat_Test/Content/Blueprints/HUD/WBP_GameOver.uexp" 713
"C:/Users/Tomas/Documents/Unreal Projects/TrickOrTreat_Test/Content/Levels/L_GameOver.uexp" 714
"C:/Users/Tomas/Documents/Unreal Projects/TrickOrTreat_Test/Content/Levels/L_GameOver.umap" 715
"C:/Users/Tomas/Documents/Unreal Projects/TrickOrTreat_Test/Content/Assets/Video/spooky_music.uasset" 716
"C:/Users/Tomas/Documents/Unreal Projects/TrickOrTreat_Test/Content/Assets/Video/spooky_music.uexp" 717
"C:/Users/Tomas/Documents/Unreal Projects/TrickOrTreat_Test/Content/Assets/Video/spooky_music_Cue.uasset" 718
"C:/Users/Tomas/Documents/Unreal Projects/TrickOrTreat_Test/Content/Assets/Video/spooky_music_Cue.uexp" 719
"C:/Users/Tomas/Documents/Unreal Projects/TrickOrTreat_Test/Content/Assets/Video/spooky.uasset" 720
"C:/Users/Tomas/Documents/Unreal Projects/TrickOrTreat_Test/Content/Assets/Video/spooky.uexp" 721
"C:/Users/Tomas/Documents/Unreal Projects/TrickOrTreat_Test/Content/Assets/Video/NewMediaPlayer.uasset" 722
"C:/Users/Tomas/Documents/Unreal Projects/TrickOrTreat_Test/Content/Assets/Video/NewMediaPlayer.uexp" 723
"C:/Users/Tomas/Documents/Unreal Projects/TrickOrTreat_Test/Content/Assets/Video/NewMediaPlayer_Video.uasset" 724
"C:/Users/Tomas/Documents/Unreal Projects/TrickOrTreat_Test/Content/Assets/Video/NewMediaPlayer_Video.uexp" 725
"C:/Users/Tomas/Documents/Unreal Projects/TrickOrTreat_Test/Content/Assets/Video/M_Video.uasset" 726
"C:/Users/Tomas/Documents/Unreal Projects/TrickOrTreat_Test/Content/Assets/Video/M_Video.uexp" 727
"C:/Users/Tomas/Documents/Unreal Projects/TrickOrTreat_Test/Content/Assets/PNG/Menu/SIKKKEE.uasset" 728
"C:/Users/Tomas/Documents/Unreal Projects/TrickOrTreat_Test/Content/Assets/PNG/Menu/SIKKKEE.uexp" 729
"C:/Users/Tomas/Documents/Unreal Projects/TrickOrTreat_Test/Content/Assets/PNG/Menu/Menu.uasset" 730
"C:/Users/Tomas/Documents/Unreal Projects/TrickOrTreat_Test/Content/Assets/PNG/Menu/Menu.uexp" 731
"C:/Users/Tomas/Documents/Unreal Projects/TrickOrTreat_Test/Content/Blueprints/HUD/WBP_Menu.uasset" 732
"C:/Users/Tomas/Documents/Unreal Projects/TrickOrTreat_Test/Content/Blueprints/HUD/WBP_Menu.uexp" 733
"C:/Users/Tomas/Documents/Unreal Projects/TrickOrTreat_Test/Content/Levels/L_Menu.uexp" 734
"C:/Users/Tomas/Documents/Unreal Projects/TrickOrTreat_Test/Content/Levels/L_Menu.umap" 735
"C:/Users/Tomas/Documents/Unreal Projects/TrickOrTreat_Test/Content/Blueprints/Player/BP_Player_Spawner_2.uasset" 736
"C:/Users/Tomas/Documents/Unreal Projects/TrickOrTreat_Test/Content/Blueprints/Player/BP_Player_Spawner_2.uexp" 737
"C:/Users/Tomas/Documents/Unreal Projects/TrickOrTreat_Test/Content/Blueprints/InteractableObjects/BP_Parent_Usable.uasset" 738
"C:/Users/Tomas/Documents/Unreal Projects/TrickOrTreat_Test/Content/Blueprints/InteractableObjects/BP_Parent_Usable.uexp" 739
"C:/Users/Tomas/Documents/Unreal Projects/TrickOrTreat_Test/Content/Assets/Sounds/Player/Pickup/Pickup7_best.uasset" 740
"C:/Users/Tomas/Documents/Unreal Projects/TrickOrTreat_Test/Content/Assets/Sounds/Player/Pickup/Pickup7_best.uexp" 741
"C:/Users/Tomas/Documents/Unreal Projects/TrickOrTreat_Test/Content/Assets/Sounds/Player/Pickup/Pickup6.uasset" 742
"C:/Users/Tomas/Documents/Unreal Projects/TrickOrTreat_Test/Content/Assets/Sounds/Player/Pickup/Pickup6.uexp" 743
"C:/Users/Tomas/Documents/Unreal Projects/TrickOrTreat_Test/Content/Assets/Sounds/Player/Pickup/Pickup5.uasset" 744
"C:/Users/Tomas/Documents/Unreal Projects/TrickOrTreat_Test/Content/Assets/Sounds/Player/Pickup/Pickup5.uexp" 745
"C:/Users/Tomas/Documents/Unreal Projects/TrickOrTreat_Test/Content/Assets/Sounds/Player/Pickup/Pickup4.uasset" 746
"C:/Users/Tomas/Documents/Unreal Projects/TrickOrTreat_Test/Content/Assets/Sounds/Player/Pickup/Pickup4.uexp" 747
"C:/Users/Tomas/Documents/Unreal Projects/TrickOrTreat_Test/Content/Assets/Sounds/Player/Pickup/Pickup3.uasset" 748
"C:/Users/Tomas/Documents/Unreal Projects/TrickOrTreat_Test/Content/Assets/Sounds/Player/Pickup/Pickup3.uexp" 749
"C:/Users/Tomas/Documents/Unreal Projects/TrickOrTreat_Test/Content/Assets/Sounds/Player/Pickup/Pickup2.uasset" 750
"C:/Users/Tomas/Documents/Unreal Projects/TrickOrTreat_Test/Content/Assets/Sounds/Player/Pickup/Pickup2.uexp" 751
"C:/Users/Tomas/Documents/Unreal Projects/TrickOrTreat_Test/Content/Assets/Sounds/Player/Pickup/Pickup1.uasset" 752
"C:/Users/Tomas/Documents/Unreal Projects/TrickOrTreat_Test/Content/Assets/Sounds/Player/Pickup/Pickup1.uexp" 753
"C:/Users/Tomas/Documents/Unreal Projects/TrickOrTreat_Test/Content/Assets/PNG/Dev/globals.uasset" 754
"C:/Users/Tomas/Documents/Unreal Projects/TrickOrTreat_Test/Content/Assets/PNG/Dev/globals.uexp" 755
"C:/Users/Tomas/Documents/Unreal Projects/TrickOrTreat_Test/Content/Assets/PNG/Dev/S_GLobals.uasset" 756
"C:/Users/Tomas/Documents/Unreal Projects/TrickOrTreat_Test/Content/Assets/PNG/Dev/S_GLobals.uexp" 757
"C:/Users/Tomas/Documents/Unreal Projects/TrickOrTreat_Test/Content/Blueprints/Global/BP_Globals.uasset" 758
"C:/Users/Tomas/Documents/Unreal Projects/TrickOrTreat_Test/Content/Blueprints/Global/BP_Globals.uexp" 759
"C:/Users/Tomas/Documents/Unreal Projects/TrickOrTreat_Test/Content/Assets/Sounds/Door/knock2.uasset" 760
"C:/Users/Tomas/Documents/Unreal Projects/TrickOrTreat_Test/Content/Assets/Sounds/Door/knock2.uexp" 761
"C:/Users/Tomas/Documents/Unreal Projects/TrickOrTreat_Test/Content/Blueprints/InteractableObjects/BP_Usable_Door.uasset" 762
"C:/Users/Tomas/Documents/Unreal Projects/TrickOrTreat_Test/Content/Blueprints/InteractableObjects/BP_Usable_Door.uexp" 763
"C:/Users/Tomas/Documents/Unreal Projects/TrickOrTreat_Test/Content/Assets/PNG/Candy/candy_7.uasset" 764
"C:/Users/Tomas/Documents/Unreal Projects/TrickOrTreat_Test/Content/Assets/PNG/Candy/candy_7.uexp" 765
"C:/Users/Tomas/Documents/Unreal Projects/TrickOrTreat_Test/Content/Assets/PNG/Candy/S_Candy_7.uasset" 766
"C:/Users/Tomas/Documents/Unreal Projects/TrickOrTreat_Test/Content/Assets/PNG/Candy/S_Candy_7.uexp" 767
"C:/Users/Tomas/Documents/Unreal Projects/TrickOrTreat_Test/Content/Assets/PNG/Candy/candy_6.uasset" 768
"C:/Users/Tomas/Documents/Unreal Projects/TrickOrTreat_Test/Content/Assets/PNG/Candy/candy_6.uexp" 769
"C:/Users/Tomas/Documents/Unreal Projects/TrickOrTreat_Test/Content/Assets/PNG/Candy/S_Candy_6.uasset" 770
"C:/Users/Tomas/Documents/Unreal Projects/TrickOrTreat_Test/Content/Assets/PNG/Candy/S_Candy_6.uexp" 771
"C:/Users/Tomas/Documents/Unreal Projects/TrickOrTreat_Test/Content/Assets/PNG/Candy/candy_5.uasset" 772
"C:/Users/Tomas/Documents/Unreal Projects/TrickOrTreat_Test/Content/Assets/PNG/Candy/candy_5.uexp" 773
"C:/Users/Tomas/Documents/Unreal Projects/TrickOrTreat_Test/Content/Assets/PNG/Candy/S_Candy_5.uasset" 774
"C:/Users/Tomas/Documents/Unreal Projects/TrickOrTreat_Test/Content/Assets/PNG/Candy/S_Candy_5.uexp" 775
"C:/Users/Tomas/Documents/Unreal Projects/TrickOrTreat_Test/Content/Assets/PNG/Candy/candy_4.uasset" 776
"C:/Users/Tomas/Documents/Unreal Projects/TrickOrTreat_Test/Content/Assets/PNG/Candy/candy_4.uexp" 777
"C:/Users/Tomas/Documents/Unreal Projects/TrickOrTreat_Test/Content/Assets/PNG/Candy/S_Candy_4.uasset" 778
"C:/Users/Tomas/Documents/Unreal Projects/TrickOrTreat_Test/Content/Assets/PNG/Candy/S_Candy_4.uexp" 779
"C:/Users/Tomas/Documents/Unreal Projects/TrickOrTreat_Test/Content/Assets/PNG/Candy/candy_3.uasset" 780
"C:/Users/Tomas/Documents/Unreal Projects/TrickOrTreat_Test/Content/Assets/PNG/Candy/candy_3.uexp" 781
"C:/Users/Tomas/Documents/Unreal Projects/TrickOrTreat_Test/Content/Assets/PNG/Candy/S_Candy_3.uasset" 782
"C:/Users/Tomas/Documents/Unreal Projects/TrickOrTreat_Test/Content/Assets/PNG/Candy/S_Candy_3.uexp" 783
"C:/Users/Tomas/Documents/Unreal Projects/TrickOrTreat_Test/Content/Assets/PNG/Candy/candy_2.uasset" 784
"C:/Users/Tomas/Documents/Unreal Projects/TrickOrTreat_Test/Content/Assets/PNG/Candy/candy_2.uexp" 785
"C:/Users/Tomas/Documents/Unreal Projects/TrickOrTreat_Test/Content/Assets/PNG/Candy/S_Candy_2.uasset" 786
"C:/Users/Tomas/Documents/Unreal Projects/TrickOrTreat_Test/Content/Assets/PNG/Candy/S_Candy_2.uexp" 787
"C:/Users/Tomas/Documents/Unreal Projects/TrickOrTreat_Test/Content/Assets/PNG/Candy/candy_1.uasset" 788
"C:/Users/Tomas/Documents/Unreal Projects/TrickOrTreat_Test/Content/Assets/PNG/Candy/candy_1.uexp" 789
"C:/Users/Tomas/Documents/Unreal Projects/TrickOrTreat_Test/Content/Assets/PNG/Candy/S_Candy_1.uasset" 790
"C:/Users/Tomas/Documents/Unreal Projects/TrickOrTreat_Test/Content/Assets/PNG/Candy/S_Candy_1.uexp" 791
"C:/Users/Tomas/Documents/Unreal Projects/TrickOrTreat_Test/Content/Blueprints/Candy/BP_Candy.uasset" 792
"C:/Users/Tomas/Documents/Unreal Projects/TrickOrTreat_Test/Content/Blueprints/Candy/BP_Candy.uexp" 793
"C:/Users/Tomas/Documents/Unreal Projects/TrickOrTreat_Test/Content/Assets/PNG/AI/NPCKid/npckid5.uasset" 794
"C:/Users/Tomas/Documents/Unreal Projects/TrickOrTreat_Test/Content/Assets/PNG/AI/NPCKid/npckid5.uexp" 795
"C:/Users/Tomas/Documents/Unreal Projects/TrickOrTreat_Test/Content/Assets/PNG/AI/NPCKid/S_NPCKid_5.uasset" 796
"C:/Users/Tomas/Documents/Unreal Projects/TrickOrTreat_Test/Content/Assets/PNG/AI/NPCKid/S_NPCKid_5.uexp" 797
"C:/Users/Tomas/Documents/Unreal Projects/TrickOrTreat_Test/Content/Assets/PNG/AI/NPCKid/npckid4.uasset" 798
"C:/Users/Tomas/Documents/Unreal Projects/TrickOrTreat_Test/Content/Assets/PNG/AI/NPCKid/npckid4.uexp" 799
"C:/Users/Tomas/Documents/Unreal Projects/TrickOrTreat_Test/Content/Assets/PNG/AI/NPCKid/S_NPCKid_4.uasset" 800
"C:/Users/Tomas/Documents/Unreal Projects/TrickOrTreat_Test/Content/Assets/PNG/AI/NPCKid/S_NPCKid_4.uexp" 801
"C:/Users/Tomas/Documents/Unreal Projects/TrickOrTreat_Test/Content/Assets/PNG/AI/NPCKid/npckid3.uasset" 802
"C:/Users/Tomas/Documents/Unreal Projects/TrickOrTreat_Test/Content/Assets/PNG/AI/NPCKid/npckid3.uexp" 803
"C:/Users/Tomas/Documents/Unreal Projects/TrickOrTreat_Test/Content/Assets/PNG/AI/NPCKid/S_NPCKid_3.uasset" 804
"C:/Users/Tomas/Documents/Unreal Projects/TrickOrTreat_Test/Content/Assets/PNG/AI/NPCKid/S_NPCKid_3.uexp" 805
"C:/Users/Tomas/Documents/Unreal Projects/TrickOrTreat_Test/Content/Assets/PNG/AI/NPCKid/npckid2.uasset" 806
"C:/Users/Tomas/Documents/Unreal Projects/TrickOrTreat_Test/Content/Assets/PNG/AI/NPCKid/npckid2.uexp" 807
"C:/Users/Tomas/Documents/Unreal Projects/TrickOrTreat_Test/Content/Assets/PNG/AI/NPCKid/S_NPCKid_2.uasset" 808
"C:/Users/Tomas/Documents/Unreal Projects/TrickOrTreat_Test/Content/Assets/PNG/AI/NPCKid/S_NPCKid_2.uexp" 809
"C:/Users/Tomas/Documents/Unreal Projects/TrickOrTreat_Test/Content/Assets/PNG/AI/NPCKid/npckid1.uasset" 810
"C:/Users/Tomas/Documents/Unreal Projects/TrickOrTreat_Test/Content/Assets/PNG/AI/NPCKid/npckid1.uexp" 811
"C:/Users/Tomas/Documents/Unreal Projects/TrickOrTreat_Test/Content/Assets/PNG/AI/NPCKid/S_NPCKid_1.uasset" 812
"C:/Users/Tomas/Documents/Unreal Projects/TrickOrTreat_Test/Content/Assets/PNG/AI/NPCKid/S_NPCKid_1.uexp" 813
"C:/Users/Tomas/Documents/Unreal Projects/TrickOrTreat_Test/Content/Assets/PNG/AI/NPCKid/FB_NPCKid.uasset" 814
"C:/Users/Tomas/Documents/Unreal Projects/TrickOrTreat_Test/Content/Assets/PNG/AI/NPCKid/FB_NPCKid.uexp" 815
"C:/Users/Tomas/Documents/Unreal Projects/TrickOrTreat_Test/Content/Blueprints/AI/BP_Child_Test.uasset" 816
"C:/Users/Tomas/Documents/Unreal Projects/TrickOrTreat_Test/Content/Blueprints/AI/BP_Child_Test.uexp" 817
"C:/Users/Tomas/Documents/Unreal Projects/TrickOrTreat_Test/Content/Blueprints/AI/BP_Child_Spawner.uasset" 818
"C:/Users/Tomas/Documents/Unreal Projects/TrickOrTreat_Test/Content/Blueprints/AI/BP_Child_Spawner.uexp" 819
"C:/Users/Tomas/Documents/Unreal Projects/TrickOrTreat_Test/Content/Assets/PNG/Test/TM_Test_2.uasset" 820
"C:/Users/Tomas/Documents/Unreal Projects/TrickOrTreat_Test/Content/Assets/PNG/Test/TM_Test_2.uexp" 821
"C:/Users/Tomas/Documents/Unreal Projects/TrickOrTreat_Test/Content/Levels/L_Test.uexp" 822
"C:/Users/Tomas/Documents/Unreal Projects/TrickOrTreat_Test/Content/Levels/L_Test.umap" 823
"C:/Users/Tomas/Documents/Unreal Projects/TrickOrTreat_Test/Content/Blueprints/InteractableObjects/BP_Usable_Door_NoCandy.uasset" 824
"C:/Users/Tomas/Documents/Unreal Projects/TrickOrTreat_Test/Content/Blueprints/InteractableObjects/BP_Usable_Door_NoCandy.uexp" 825
"../../../Engine/Content/EngineFonts/Faces/DroidSansMono.uasset" 826
"../../../Engine/Content/EngineFonts/Faces/DroidSansMono.uexp" 827
"../../../Engine/Content/EngineFonts/Faces/DroidSansMono.ufont" 828
"../../../Engine/Content/EngineFonts/DroidSansMono.uasset" 829
"../../../Engine/Content/EngineFonts/DroidSansMono.uexp" 830
"C:/Users/Tomas/Documents/Unreal Projects/TrickOrTreat_Test/Content/Blueprints/HUD/WBP_HUD.uasset" 831
"C:/Users/Tomas/Documents/Unreal Projects/TrickOrTreat_Test/Content/Blueprints/HUD/WBP_HUD.uexp" 832
"C:/Users/Tomas/Documents/Unreal Projects/TrickOrTreat_Test/Content/Assets/PNG/AI/Skinwalker/skinwalker2.uasset" 833
"C:/Users/Tomas/Documents/Unreal Projects/TrickOrTreat_Test/Content/Assets/PNG/AI/Skinwalker/skinwalker2.uexp" 834
"C:/Users/Tomas/Documents/Unreal Projects/TrickOrTreat_Test/Content/Assets/PNG/AI/Skinwalker/Walk/S_Skinwalker_Walk_2.uasset" 835
"C:/Users/Tomas/Documents/Unreal Projects/TrickOrTreat_Test/Content/Assets/PNG/AI/Skinwalker/Walk/S_Skinwalker_Walk_2.uexp" 836
"C:/Users/Tomas/Documents/Unreal Projects/TrickOrTreat_Test/Content/Assets/PNG/AI/Skinwalker/skinwalker1.uasset" 837
"C:/Users/Tomas/Documents/Unreal Projects/TrickOrTreat_Test/Content/Assets/PNG/AI/Skinwalker/skinwalker1.uexp" 838
"C:/Users/Tomas/Documents/Unreal Projects/TrickOrTreat_Test/Content/Assets/PNG/AI/Skinwalker/Walk/S_Skinwalker_Walk_1.uasset" 839
"C:/Users/Tomas/Documents/Unreal Projects/TrickOrTreat_Test/Content/Assets/PNG/AI/Skinwalker/Walk/S_Skinwalker_Walk_1.uexp" 840
"C:/Users/Tomas/Documents/Unreal Projects/TrickOrTreat_Test/Content/Assets/PNG/AI/Skinwalker/Walk/FB_Skinwalker_Walk.uasset" 841
"C:/Users/Tomas/Documents/Unreal Projects/TrickOrTreat_Test/Content/Assets/PNG/AI/Skinwalker/Walk/FB_Skinwalker_Walk.uexp" 842
"C:/Users/Tomas/Documents/Unreal Projects/TrickOrTreat_Test/Content/Assets/PNG/AI/Skinwalker/skinwalker7.uasset" 843
"C:/Users/Tomas/Documents/Unreal Projects/TrickOrTreat_Test/Content/Assets/PNG/AI/Skinwalker/skinwalker7.uexp" 844
"C:/Users/Tomas/Documents/Unreal Projects/TrickOrTreat_Test/Content/Assets/PNG/AI/Skinwalker/Die/S_Skinwalker_Die_3.uasset" 845
"C:/Users/Tomas/Documents/Unreal Projects/TrickOrTreat_Test/Content/Assets/PNG/AI/Skinwalker/Die/S_Skinwalker_Die_3.uexp" 846
"C:/Users/Tomas/Documents/Unreal Projects/TrickOrTreat_Test/Content/Assets/PNG/AI/Skinwalker/skinwalker6.uasset" 847
"C:/Users/Tomas/Documents/Unreal Projects/TrickOrTreat_Test/Content/Assets/PNG/AI/Skinwalker/skinwalker6.uexp" 848
"C:/Users/Tomas/Documents/Unreal Projects/TrickOrTreat_Test/Content/Assets/PNG/AI/Skinwalker/Die/S_Skinwalker_Die_2.uasset" 849
"C:/Users/Tomas/Documents/Unreal Projects/TrickOrTreat_Test/Content/Assets/PNG/AI/Skinwalker/Die/S_Skinwalker_Die_2.uexp" 850
"C:/Users/Tomas/Documents/Unreal Projects/TrickOrTreat_Test/Content/Assets/PNG/AI/Skinwalker/skinwalker5.uasset" 851
"C:/Users/Tomas/Documents/Unreal Projects/TrickOrTreat_Test/Content/Assets/PNG/AI/Skinwalker/skinwalker5.uexp" 852
"C:/Users/Tomas/Documents/Unreal Projects/TrickOrTreat_Test/Content/Assets/PNG/AI/Skinwalker/Die/S_Skinwalker_Die_1.uasset" 853
"C:/Users/Tomas/Documents/Unreal Projects/TrickOrTreat_Test/Content/Assets/PNG/AI/Skinwalker/Die/S_Skinwalker_Die_1.uexp" 854
"C:/Users/Tomas/Documents/Unreal Projects/TrickOrTreat_Test/Content/Assets/PNG/AI/Skinwalker/Die/FB_Skinwalker_Die.uasset" 855
"C:/Users/Tomas/Documents/Unreal Projects/TrickOrTreat_Test/Content/Assets/PNG/AI/Skinwalker/Die/FB_Skinwalker_Die.uexp" 856
"C:/Users/Tomas/Documents/Unreal Projects/TrickOrTreat_Test/Content/Assets/PNG/AI/Skinwalker/skinwalker3.uasset" 857
"C:/Users/Tomas/Documents/Unreal Projects/TrickOrTreat_Test/Content/Assets/PNG/AI/Skinwalker/skinwalker3.uexp" 858
"C:/Users/Tomas/Documents/Unreal Projects/TrickOrTreat_Test/Content/Assets/PNG/AI/Skinwalker/Attack/S_Skinwalker_Attack_3.uasset" 859
"C:/Users/Tomas/Documents/Unreal Projects/TrickOrTreat_Test/Content/Assets/PNG/AI/Skinwalker/Attack/S_Skinwalker_Attack_3.uexp" 860
"C:/Users/Tomas/Documents/Unreal Projects/TrickOrTreat_Test/Content/Assets/PNG/AI/Skinwalker/skinwalker4.uasset" 861
"C:/Users/Tomas/Documents/Unreal Projects/TrickOrTreat_Test/Content/Assets/PNG/AI/Skinwalker/skinwalker4.uexp" 862
"C:/Users/Tomas/Documents/Unreal Projects/TrickOrTreat_Test/Content/Assets/PNG/AI/Skinwalker/Attack/S_Skinwalker_Attack_2.uasset" 863
"C:/Users/Tomas/Documents/Unreal Projects/TrickOrTreat_Test/Content/Assets/PNG/AI/Skinwalker/Attack/S_Skinwalker_Attack_2.uexp" 864
"C:/Users/Tomas/Documents/Unreal Projects/TrickOrTreat_Test/Content/Assets/PNG/AI/Skinwalker/Attack/S_Skinwalker_Attack_1.uasset" 865
"C:/Users/Tomas/Documents/Unreal Projects/TrickOrTreat_Test/Content/Assets/PNG/AI/Skinwalker/Attack/S_Skinwalker_Attack_1.uexp" 866
"C:/Users/Tomas/Documents/Unreal Projects/TrickOrTreat_Test/Content/Assets/PNG/AI/Skinwalker/Attack/FB_Skinwalker_attack.uasset" 867
"C:/Users/Tomas/Documents/Unreal Projects/TrickOrTreat_Test/Content/Assets/PNG/AI/Skinwalker/Attack/FB_Skinwalker_attack.uexp" 868
"C:/Users/Tomas/Documents/Unreal Projects/TrickOrTreat_Test/Content/Blueprints/AI/Skinwalker/BP_Skinwalker.uasset" 869
"C:/Users/Tomas/Documents/Unreal Projects/TrickOrTreat_Test/Content/Blueprints/AI/Skinwalker/BP_Skinwalker.uexp" 870
"C:/Users/Tomas/Documents/Unreal Projects/TrickOrTreat_Test/Content/Blueprints/AI/Skinwalker/BP_Skinwalker_Child.uasset" 871
"C:/Users/Tomas/Documents/Unreal Projects/TrickOrTreat_Test/Content/Blueprints/AI/Skinwalker/BP_Skinwalker_Child.uexp" 872
"C:/Users/Tomas/Documents/Unreal Projects/TrickOrTreat_Test/Content/Assets/PNG/AI/Skeliboi/skeliboi2.uasset" 873
"C:/Users/Tomas/Documents/Unreal Projects/TrickOrTreat_Test/Content/Assets/PNG/AI/Skeliboi/skeliboi2.uexp" 874
"C:/Users/Tomas/Documents/Unreal Projects/TrickOrTreat_Test/Content/Assets/PNG/AI/Skeliboi/Walk/skeliboi2_Sprite.uasset" 875
"C:/Users/Tomas/Documents/Unreal Projects/TrickOrTreat_Test/Content/Assets/PNG/AI/Skeliboi/Walk/skeliboi2_Sprite.uexp" 876
"C:/Users/Tomas/Documents/Unreal Projects/TrickOrTreat_Test/Content/Assets/PNG/AI/Skeliboi/skeliboi1.uasset" 877
"C:/Users/Tomas/Documents/Unreal Projects/TrickOrTreat_Test/Content/Assets/PNG/AI/Skeliboi/skeliboi1.uexp" 878
"C:/Users/Tomas/Documents/Unreal Projects/TrickOrTreat_Test/Content/Assets/PNG/AI/Skeliboi/Walk/skeliboi1_Sprite.uasset" 879
"C:/Users/Tomas/Documents/Unreal Projects/TrickOrTreat_Test/Content/Assets/PNG/AI/Skeliboi/Walk/skeliboi1_Sprite.uexp" 880
"C:/Users/Tomas/Documents/Unreal Projects/TrickOrTreat_Test/Content/Assets/PNG/AI/Skeliboi/Walk/FB_Skeliboi_walk.uasset" 881
"C:/Users/Tomas/Documents/Unreal Projects/TrickOrTreat_Test/Content/Assets/PNG/AI/Skeliboi/Walk/FB_Skeliboi_walk.uexp" 882
"C:/Users/Tomas/Documents/Unreal Projects/TrickOrTreat_Test/Content/Assets/PNG/AI/Skeliboi/skeliboi6.uasset" 883
"C:/Users/Tomas/Documents/Unreal Projects/TrickOrTreat_Test/Content/Assets/PNG/AI/Skeliboi/skeliboi6.uexp" 884
"C:/Users/Tomas/Documents/Unreal Projects/TrickOrTreat_Test/Content/Assets/PNG/AI/Skeliboi/Die/skeliboi6_Sprite.uasset" 885
"C:/Users/Tomas/Documents/Unreal Projects/TrickOrTreat_Test/Content/Assets/PNG/AI/Skeliboi/Die/skeliboi6_Sprite.uexp" 886
"C:/Users/Tomas/Documents/Unreal Projects/TrickOrTreat_Test/Content/Assets/PNG/AI/Skeliboi/skeliboi5.uasset" 887
"C:/Users/Tomas/Documents/Unreal Projects/TrickOrTreat_Test/Content/Assets/PNG/AI/Skeliboi/skeliboi5.uexp" 888
"C:/Users/Tomas/Documents/Unreal Projects/TrickOrTreat_Test/Content/Assets/PNG/AI/Skeliboi/Die/skeliboi5_Sprite.uasset" 889
"C:/Users/Tomas/Documents/Unreal Projects/TrickOrTreat_Test/Content/Assets/PNG/AI/Skeliboi/Die/skeliboi5_Sprite.uexp" 890
"C:/Users/Tomas/Documents/Unreal Projects/TrickOrTreat_Test/Content/Assets/PNG/AI/Skeliboi/Die/FB_Skeliboi_Die.uasset" 891
"C:/Users/Tomas/Documents/Unreal Projects/TrickOrTreat_Test/Content/Assets/PNG/AI/Skeliboi/Die/FB_Skeliboi_Die.uexp" 892
"C:/Users/Tomas/Documents/Unreal Projects/TrickOrTreat_Test/Content/Assets/PNG/AI/Skeliboi/skeliboi3.uasset" 893
"C:/Users/Tomas/Documents/Unreal Projects/TrickOrTreat_Test/Content/Assets/PNG/AI/Skeliboi/skeliboi3.uexp" 894
"C:/Users/Tomas/Documents/Unreal Projects/TrickOrTreat_Test/Content/Assets/PNG/AI/Skeliboi/Attack/S_Skeliboi_attack_3.uasset" 895
"C:/Users/Tomas/Documents/Unreal Projects/TrickOrTreat_Test/Content/Assets/PNG/AI/Skeliboi/Attack/S_Skeliboi_attack_3.uexp" 896
"C:/Users/Tomas/Documents/Unreal Projects/TrickOrTreat_Test/Content/Assets/PNG/AI/Skeliboi/skeliboi4.uasset" 897
"C:/Users/Tomas/Documents/Unreal Projects/TrickOrTreat_Test/Content/Assets/PNG/AI/Skeliboi/skeliboi4.uexp" 898
"C:/Users/Tomas/Documents/Unreal Projects/TrickOrTreat_Test/Content/Assets/PNG/AI/Skeliboi/Attack/S_Skeliboi_attack_2.uasset" 899
"C:/Users/Tomas/Documents/Unreal Projects/TrickOrTreat_Test/Content/Assets/PNG/AI/Skeliboi/Attack/S_Skeliboi_attack_2.uexp" 900
"C:/Users/Tomas/Documents/Unreal Projects/TrickOrTreat_Test/Content/Assets/PNG/AI/Skeliboi/Attack/S_Skeliboi_attack_1.uasset" 901
"C:/Users/Tomas/Documents/Unreal Projects/TrickOrTreat_Test/Content/Assets/PNG/AI/Skeliboi/Attack/S_Skeliboi_attack_1.uexp" 902
"C:/Users/Tomas/Documents/Unreal Projects/TrickOrTreat_Test/Content/Assets/PNG/AI/Skeliboi/Attack/FB_Skeliboi_Attack.uasset" 903
"C:/Users/Tomas/Documents/Unreal Projects/TrickOrTreat_Test/Content/Assets/PNG/AI/Skeliboi/Attack/FB_Skeliboi_Attack.uexp" 904
"C:/Users/Tomas/Documents/Unreal Projects/TrickOrTreat_Test/Content/Blueprints/AI/Skeliboi/BP_Skeliboi.uasset" 905
"C:/Users/Tomas/Documents/Unreal Projects/TrickOrTreat_Test/Content/Blueprints/AI/Skeliboi/BP_Skeliboi.uexp" 906
"C:/Users/Tomas/Documents/Unreal Projects/TrickOrTreat_Test/Content/Blueprints/AI/BP_AI_Spawner.uasset" 907
"C:/Users/Tomas/Documents/Unreal Projects/TrickOrTreat_Test/Content/Blueprints/AI/BP_AI_Spawner.uexp" 908
"C:/Users/Tomas/Documents/Unreal Projects/TrickOrTreat_Test/Content/Assets/Sounds/Music/Scent_of_Night_-_myuu-ma3BFoEwjPI.uasset" 909
"C:/Users/Tomas/Documents/Unreal Projects/TrickOrTreat_Test/Content/Assets/Sounds/Music/Scent_of_Night_-_myuu-ma3BFoEwjPI.uexp" 910
"C:/Users/Tomas/Documents/Unreal Projects/TrickOrTreat_Test/Content/Assets/Sounds/Music/Scent.uasset" 911
"C:/Users/Tomas/Documents/Unreal Projects/TrickOrTreat_Test/Content/Assets/Sounds/Music/Scent.uexp" 912
"C:/Users/Tomas/Documents/Unreal Projects/TrickOrTreat_Test/Content/Assets/PNG/TileMap/tilemap.uasset" 913
"C:/Users/Tomas/Documents/Unreal Projects/TrickOrTreat_Test/Content/Assets/PNG/TileMap/tilemap.uexp" 914
"C:/Users/Tomas/Documents/Unreal Projects/TrickOrTreat_Test/Content/Assets/PNG/TileMap/TS_Ground2.uasset" 915
"C:/Users/Tomas/Documents/Unreal Projects/TrickOrTreat_Test/Content/Assets/PNG/TileMap/TS_Ground2.uexp" 916
"C:/Users/Tomas/Documents/Unreal Projects/TrickOrTreat_Test/Content/Assets/PNG/TileMap/tilemap_ground.uasset" 917
"C:/Users/Tomas/Documents/Unreal Projects/TrickOrTreat_Test/Content/Assets/PNG/TileMap/tilemap_ground.uexp" 918
"C:/Users/Tomas/Documents/Unreal Projects/TrickOrTreat_Test/Content/Assets/PNG/TileMap/TS_Ground.uasset" 919
"C:/Users/Tomas/Documents/Unreal Projects/TrickOrTreat_Test/Content/Assets/PNG/TileMap/TS_Ground.uexp" 920
"C:/Users/Tomas/Documents/Unreal Projects/TrickOrTreat_Test/Content/Assets/PNG/House/houses.uasset" 921
"C:/Users/Tomas/Documents/Unreal Projects/TrickOrTreat_Test/Content/Assets/PNG/House/houses.uexp" 922
"C:/Users/Tomas/Documents/Unreal Projects/TrickOrTreat_Test/Content/Assets/PNG/House/TS_Houses.uasset" 923
"C:/Users/Tomas/Documents/Unreal Projects/TrickOrTreat_Test/Content/Assets/PNG/House/TS_Houses.uexp" 924
"C:/Users/Tomas/Documents/Unreal Projects/TrickOrTreat_Test/Content/Assets/PNG/TileMap/TM_Ground_Level_1.uasset" 925
"C:/Users/Tomas/Documents/Unreal Projects/TrickOrTreat_Test/Content/Assets/PNG/TileMap/TM_Ground_Level_1.uexp" 926
"C:/Users/Tomas/Documents/Unreal Projects/TrickOrTreat_Test/Content/Levels/L_Map_1.uexp" 927
"C:/Users/Tomas/Documents/Unreal Projects/TrickOrTreat_Test/Content/Levels/L_Map_1.umap" 928
"../../../Engine/Content/Maps/Entry_BuiltData.uasset" 929
"../../../Engine/Content/Maps/Entry_BuiltData.uexp" 930
"../../../Engine/Content/Maps/Entry.uexp" 931
"../../../Engine/Content/Maps/Entry.umap" 932
